Copyright 1986-2022 Xilinx, Inc. All Rights Reserved.
------------------------------------------------------------------------------------
| Tool Version : Vivado v.2022.1 (lin64) Build 3526262 Mon Apr 18 15:47:01 MDT 2022
| Date         : Sun Nov 13 16:46:48 2022
| Host         : lilo-Latitude-5401 running 64-bit Ubuntu 20.04.5 LTS
| Command      : report_timing_summary -file timing_summary.log
| Design       : main
| Device       : 7a35t-cpg236
| Speed File   : -1  PRODUCTION 1.23 2018-06-13
------------------------------------------------------------------------------------

Timing Summary Report

------------------------------------------------------------------------------------------------
| Timer Settings
| --------------
------------------------------------------------------------------------------------------------

  Enable Multi Corner Analysis               :  Yes
  Enable Pessimism Removal                   :  Yes
  Pessimism Removal Resolution               :  Nearest Common Node
  Enable Input Delay Default Clock           :  No
  Enable Preset / Clear Arcs                 :  No
  Disable Flight Delays                      :  No
  Ignore I/O Paths                           :  No
  Timing Early Launch at Borrowing Latches   :  No
  Borrow Time for Max Delay Exceptions       :  Yes
  Merge Timing Exceptions                    :  Yes

  Corner  Analyze    Analyze    
  Name    Max Paths  Min Paths  
  ------  ---------  ---------  
  Slow    Yes        Yes        
  Fast    Yes        Yes        


------------------------------------------------------------------------------------------------
| Report Methodology
| ------------------
------------------------------------------------------------------------------------------------

No report available as report_methodology has not been run prior. Run report_methodology on the current design for the summary of methodology violations.



check_timing report

Table of Contents
-----------------
1. checking no_clock (0)
2. checking constant_clock (0)
3. checking pulse_width_clock (0)
4. checking unconstrained_internal_endpoints (0)
5. checking no_input_delay (2)
6. checking no_output_delay (8)
7. checking multiple_clock (0)
8. checking generated_clocks (0)
9. checking loops (0)
10. checking partial_input_delay (0)
11. checking partial_output_delay (0)
12. checking latch_loops (0)

1. checking no_clock (0)
------------------------
 There are 0 register/latch pins with no clock.


2. checking constant_clock (0)
------------------------------
 There are 0 register/latch pins with constant_clock.


3. checking pulse_width_clock (0)
---------------------------------
 There are 0 register/latch pins which need pulse_width check


4. checking unconstrained_internal_endpoints (0)
------------------------------------------------
 There are 0 pins that are not constrained for maximum delay.

 There are 0 pins that are not constrained for maximum delay due to constant clock.


5. checking no_input_delay (2)
------------------------------
 There are 2 input ports with no input delay specified. (HIGH)

 There are 0 input ports with no input delay but user has a false path constraint.


6. checking no_output_delay (8)
-------------------------------
 There are 8 ports with no output delay specified. (HIGH)

 There are 0 ports with no output delay but user has a false path constraint

 There are 0 ports with no output delay but with a timing clock defined on it or propagating through it


7. checking multiple_clock (0)
------------------------------
 There are 0 register/latch pins with multiple clocks.


8. checking generated_clocks (0)
--------------------------------
 There are 0 generated clocks that are not connected to a clock source.


9. checking loops (0)
---------------------
 There are 0 combinational loops in the design.


10. checking partial_input_delay (0)
------------------------------------
 There are 0 input ports with partial input delay specified.


11. checking partial_output_delay (0)
-------------------------------------
 There are 0 ports with partial output delay specified.


12. checking latch_loops (0)
----------------------------
 There are 0 combinational latch loops in the design through latch input



------------------------------------------------------------------------------------------------
| Design Timing Summary
| ---------------------
------------------------------------------------------------------------------------------------

    WNS(ns)      TNS(ns)  TNS Failing Endpoints  TNS Total Endpoints      WHS(ns)      THS(ns)  THS Failing Endpoints  THS Total Endpoints     WPWS(ns)     TPWS(ns)  TPWS Failing Endpoints  TPWS Total Endpoints  
    -------      -------  ---------------------  -------------------      -------      -------  ---------------------  -------------------     --------     --------  ----------------------  --------------------  
      7.489        0.000                      0                  834        0.119        0.000                      0                  834        7.638        0.000                       0                   320  


All user specified timing constraints are met.


------------------------------------------------------------------------------------------------
| Clock Summary
| -------------
------------------------------------------------------------------------------------------------

Clock           Waveform(ns)       Period(ns)      Frequency(MHz)
-----           ------------       ----------      --------------
sys_clk_pin     {0.000 41.660}     83.330          12.000          
  clk_feedback  {0.000 41.665}     83.330          12.000          
  pmod_OBUF[0]  {0.000 8.138}      16.275          61.442          


------------------------------------------------------------------------------------------------
| Intra Clock Table
| -----------------
------------------------------------------------------------------------------------------------

Clock               WNS(ns)      TNS(ns)  TNS Failing Endpoints  TNS Total Endpoints      WHS(ns)      THS(ns)  THS Failing Endpoints  THS Total Endpoints     WPWS(ns)     TPWS(ns)  TPWS Failing Endpoints  TPWS Total Endpoints  
-----               -------      -------  ---------------------  -------------------      -------      -------  ---------------------  -------------------     --------     --------  ----------------------  --------------------  
sys_clk_pin                                                                                                                                                      16.670        0.000                       0                     1  
  clk_feedback                                                                                                                                                   16.670        0.000                       0                     2  
  pmod_OBUF[0]        7.489        0.000                      0                  834        0.119        0.000                      0                  834        7.638        0.000                       0                   317  


------------------------------------------------------------------------------------------------
| Inter Clock Table
| -----------------
------------------------------------------------------------------------------------------------

From Clock    To Clock          WNS(ns)      TNS(ns)  TNS Failing Endpoints  TNS Total Endpoints      WHS(ns)      THS(ns)  THS Failing Endpoints  THS Total Endpoints  
----------    --------          -------      -------  ---------------------  -------------------      -------      -------  ---------------------  -------------------  


------------------------------------------------------------------------------------------------
| Other Path Groups Table
| -----------------------
------------------------------------------------------------------------------------------------

Path Group    From Clock    To Clock          WNS(ns)      TNS(ns)  TNS Failing Endpoints  TNS Total Endpoints      WHS(ns)      THS(ns)  THS Failing Endpoints  THS Total Endpoints  
----------    ----------    --------          -------      -------  ---------------------  -------------------      -------      -------  ---------------------  -------------------  


------------------------------------------------------------------------------------------------
| Timing Details
| --------------
------------------------------------------------------------------------------------------------


---------------------------------------------------------------------------------------------------
From Clock:  sys_clk_pin
  To Clock:  sys_clk_pin

Setup :           NA  Failing Endpoints,  Worst Slack           NA  ,  Total Violation           NA
Hold  :           NA  Failing Endpoints,  Worst Slack           NA  ,  Total Violation           NA
PW    :            0  Failing Endpoints,  Worst Slack       16.670ns,  Total Violation        0.000ns
---------------------------------------------------------------------------------------------------


Pulse Width Checks
--------------------------------------------------------------------------------------
Clock Name:         sys_clk_pin
Waveform(ns):       { 0.000 41.660 }
Period(ns):         83.330
Sources:            { sysclk }

Check Type        Corner  Lib Pin            Reference Pin  Required(ns)  Actual(ns)  Slack(ns)  Location         Pin
Min Period        n/a     MMCME2_ADV/CLKIN1  n/a            1.249         83.330      82.081     MMCME2_ADV_X0Y0  MMCME2_BASE_inst/CLKIN1
Max Period        n/a     MMCME2_ADV/CLKIN1  n/a            100.000       83.330      16.670     MMCME2_ADV_X0Y0  MMCME2_BASE_inst/CLKIN1
Low Pulse Width   Slow    MMCME2_ADV/CLKIN1  n/a            10.000        41.670      31.670     MMCME2_ADV_X0Y0  MMCME2_BASE_inst/CLKIN1
High Pulse Width  Slow    MMCME2_ADV/CLKIN1  n/a            10.000        41.660      31.660     MMCME2_ADV_X0Y0  MMCME2_BASE_inst/CLKIN1



---------------------------------------------------------------------------------------------------
From Clock:  clk_feedback
  To Clock:  clk_feedback

Setup :           NA  Failing Endpoints,  Worst Slack           NA  ,  Total Violation           NA
Hold  :           NA  Failing Endpoints,  Worst Slack           NA  ,  Total Violation           NA
PW    :            0  Failing Endpoints,  Worst Slack       16.670ns,  Total Violation        0.000ns
---------------------------------------------------------------------------------------------------


Pulse Width Checks
--------------------------------------------------------------------------------------
Clock Name:         clk_feedback
Waveform(ns):       { 0.000 41.665 }
Period(ns):         83.330
Sources:            { MMCME2_BASE_inst/CLKFBOUT }

Check Type  Corner  Lib Pin              Reference Pin  Required(ns)  Actual(ns)  Slack(ns)  Location         Pin
Min Period  n/a     MMCME2_ADV/CLKFBOUT  n/a            1.249         83.330      82.081     MMCME2_ADV_X0Y0  MMCME2_BASE_inst/CLKFBOUT
Max Period  n/a     MMCME2_ADV/CLKFBIN   n/a            100.000       83.330      16.670     MMCME2_ADV_X0Y0  MMCME2_BASE_inst/CLKFBIN



---------------------------------------------------------------------------------------------------
From Clock:  pmod_OBUF[0]
  To Clock:  pmod_OBUF[0]

Setup :            0  Failing Endpoints,  Worst Slack        7.489ns,  Total Violation        0.000ns
Hold  :            0  Failing Endpoints,  Worst Slack        0.119ns,  Total Violation        0.000ns
PW    :            0  Failing Endpoints,  Worst Slack        7.638ns,  Total Violation        0.000ns
---------------------------------------------------------------------------------------------------


Max Delay Paths
--------------------------------------------------------------------------------------
Slack (MET) :             7.489ns  (required time - arrival time)
  Source:                 ILI9341/pixel_y_reg[2]/C
                            (rising edge-triggered cell FDRE clocked by pmod_OBUF[0]  {rise@0.000ns fall@8.138ns period=16.275ns})
  Destination:            VRAM/ram_reg_1_5__0/ENBWREN
                            (rising edge-triggered cell RAMB36E1 clocked by pmod_OBUF[0]  {rise@0.000ns fall@8.138ns period=16.275ns})
  Path Group:             pmod_OBUF[0]
  Path Type:              Setup (Max at Slow Process Corner)
  Requirement:            16.275ns  (pmod_OBUF[0] rise@16.275ns - pmod_OBUF[0] rise@0.000ns)
  Data Path Delay:        8.320ns  (logic 3.909ns (46.983%)  route 4.411ns (53.017%))
  Logic Levels:           9  (CARRY4=6 LUT2=2 LUT3=1)
  Clock Path Skew:        0.012ns (DCD - SCD + CPR)
    Destination Clock Delay (DCD):    5.814ns = ( 22.090 - 16.275 ) 
    Source Clock Delay      (SCD):    6.113ns
    Clock Pessimism Removal (CPR):    0.311ns
  Clock Uncertainty:      0.036ns  ((TSJ^2 + DJ^2)^1/2) / 2 + PE
    Total System Jitter     (TSJ):    0.071ns
    Discrete Jitter          (DJ):    0.009ns
    Phase Error              (PE):    0.000ns

    Location             Delay type                Incr(ns)  Path(ns)    Netlist Resource(s)
  -------------------------------------------------------------------    -------------------
                         (clock pmod_OBUF[0] rise edge)
                                                      0.000     0.000 r  
    L17                                               0.000     0.000 r  sysclk (IN)
                         net (fo=0)                   0.000     0.000    sysclk
    L17                  IBUF (Prop_ibuf_I_O)         1.476     1.476 r  sysclk_IBUF_inst/O
                         net (fo=2, routed)           1.233     2.709    pmod_OBUF[1]
    MMCME2_ADV_X0Y0      MMCME2_ADV (Prop_mmcme2_adv_CLKIN1_CLKOUT0)
                                                      0.088     2.797 r  MMCME2_BASE_inst/CLKOUT0
                         net (fo=1, routed)           1.666     4.464    pmod_OBUF[0]
    BUFGCTRL_X0Y0        BUFG (Prop_bufg_I_O)         0.096     4.560 r  pmod_OBUF_BUFG[0]_inst/O
                         net (fo=317, routed)         1.553     6.113    ILI9341/pmod_OBUF_BUFG[0]
    SLICE_X48Y22         FDRE                                         r  ILI9341/pixel_y_reg[2]/C
  -------------------------------------------------------------------    -------------------
    SLICE_X48Y22         FDRE (Prop_fdre_C_Q)         0.419     6.532 r  ILI9341/pixel_y_reg[2]/Q
                         net (fo=14, routed)          0.798     7.330    ILI9341/pixel_y_reg_n_0_[2]
    SLICE_X50Y19         LUT2 (Prop_lut2_I1_O)        0.299     7.629 r  ILI9341/vram_rd_addr1_carry_i_2/O
                         net (fo=1, routed)           0.000     7.629    ILI9341/vram_rd_addr1_carry_i_2_n_0
    SLICE_X50Y19         CARRY4 (Prop_carry4_S[2]_CO[3])
                                                      0.380     8.009 r  ILI9341/vram_rd_addr1_carry/CO[3]
                         net (fo=1, routed)           0.000     8.009    ILI9341/vram_rd_addr1_carry_n_0
    SLICE_X50Y20         CARRY4 (Prop_carry4_CI_O[0])
                                                      0.219     8.228 r  ILI9341/vram_rd_addr1_carry__0/O[0]
                         net (fo=3, routed)           0.974     9.202    ILI9341/vram_rd_addr1_carry__0_n_7
    SLICE_X49Y22         LUT3 (Prop_lut3_I1_O)        0.323     9.525 r  ILI9341/vram_rd_addr1__29_carry_i_1/O
                         net (fo=2, routed)           0.517    10.042    ILI9341/vram_rd_addr1__29_carry_i_1_n_0
    SLICE_X50Y22         CARRY4 (Prop_carry4_DI[3]_CO[3])
                                                      0.604    10.646 r  ILI9341/vram_rd_addr1__29_carry/CO[3]
                         net (fo=1, routed)           0.000    10.646    ILI9341/vram_rd_addr1__29_carry_n_0
    SLICE_X50Y23         CARRY4 (Prop_carry4_CI_O[1])
                                                      0.323    10.969 r  ILI9341/vram_rd_addr1__29_carry__0/O[1]
                         net (fo=1, routed)           0.441    11.410    ILI9341/vram_rd_addr1[11]
    SLICE_X51Y21         CARRY4 (Prop_carry4_S[3]_CO[3])
                                                      0.707    12.117 r  ILI9341/ram_reg_0_0_i_4/CO[3]
                         net (fo=1, routed)           0.000    12.117    ILI9341/ram_reg_0_0_i_4_n_0
    SLICE_X51Y22         CARRY4 (Prop_carry4_CI_O[3])
                                                      0.329    12.446 f  ILI9341/ram_reg_0_0_i_3/O[3]
                         net (fo=6, routed)           0.823    13.269    VRAM/vram_rd_addr[11]
    SLICE_X51Y27         LUT2 (Prop_lut2_I1_O)        0.306    13.575 r  VRAM/ram_reg_1_0__0_i_2/O
                         net (fo=2, routed)           0.858    14.433    VRAM/ram_reg_1_0__0_i_2_n_0
    RAMB36_X2Y6          RAMB36E1                                     r  VRAM/ram_reg_1_5__0/ENBWREN
  -------------------------------------------------------------------    -------------------

                         (clock pmod_OBUF[0] rise edge)
                                                     16.275    16.275 r  
    L17                                               0.000    16.275 r  sysclk (IN)
                         net (fo=0)                   0.000    16.275    sysclk
    L17                  IBUF (Prop_ibuf_I_O)         1.406    17.681 r  sysclk_IBUF_inst/O
                         net (fo=2, routed)           1.162    18.843    pmod_OBUF[1]
    MMCME2_ADV_X0Y0      MMCME2_ADV (Prop_mmcme2_adv_CLKIN1_CLKOUT0)
                                                      0.083    18.926 r  MMCME2_BASE_inst/CLKOUT0
                         net (fo=1, routed)           1.587    20.513    pmod_OBUF[0]
    BUFGCTRL_X0Y0        BUFG (Prop_bufg_I_O)         0.091    20.604 r  pmod_OBUF_BUFG[0]_inst/O
                         net (fo=317, routed)         1.486    22.090    VRAM/pmod_OBUF_BUFG[0]
    RAMB36_X2Y6          RAMB36E1                                     r  VRAM/ram_reg_1_5__0/CLKBWRCLK
                         clock pessimism              0.311    22.401    
                         clock uncertainty           -0.036    22.365    
    RAMB36_X2Y6          RAMB36E1 (Setup_ramb36e1_CLKBWRCLK_ENBWREN)
                                                     -0.443    21.922    VRAM/ram_reg_1_5__0
  -------------------------------------------------------------------
                         required time                         21.922    
                         arrival time                         -14.433    
  -------------------------------------------------------------------
                         slack                                  7.489    





Min Delay Paths
--------------------------------------------------------------------------------------
Slack (MET) :             0.119ns  (arrival time - required time)
  Source:                 vram_wr_addr_reg[2]/C
                            (rising edge-triggered cell FDRE clocked by pmod_OBUF[0]  {rise@0.000ns fall@8.138ns period=16.275ns})
  Destination:            VRAM/ram_reg_1_5/ADDRARDADDR[2]
                            (rising edge-triggered cell RAMB36E1 clocked by pmod_OBUF[0]  {rise@0.000ns fall@8.138ns period=16.275ns})
  Path Group:             pmod_OBUF[0]
  Path Type:              Hold (Min at Fast Process Corner)
  Requirement:            0.000ns  (pmod_OBUF[0] rise@0.000ns - pmod_OBUF[0] rise@0.000ns)
  Data Path Delay:        0.307ns  (logic 0.128ns (41.649%)  route 0.179ns (58.351%))
  Logic Levels:           0  
  Clock Path Skew:        0.059ns (DCD - SCD - CPR)
    Destination Clock Delay (DCD):    2.394ns
    Source Clock Delay      (SCD):    1.802ns
    Clock Pessimism Removal (CPR):    0.532ns

    Location             Delay type                Incr(ns)  Path(ns)    Netlist Resource(s)
  -------------------------------------------------------------------    -------------------
                         (clock pmod_OBUF[0] rise edge)
                                                      0.000     0.000 r  
    L17                                               0.000     0.000 r  sysclk (IN)
                         net (fo=0)                   0.000     0.000    sysclk
    L17                  IBUF (Prop_ibuf_I_O)         0.244     0.244 r  sysclk_IBUF_inst/O
                         net (fo=2, routed)           0.440     0.684    pmod_OBUF[1]
    MMCME2_ADV_X0Y0      MMCME2_ADV (Prop_mmcme2_adv_CLKIN1_CLKOUT0)
                                                      0.050     0.734 r  MMCME2_BASE_inst/CLKOUT0
                         net (fo=1, routed)           0.489     1.223    pmod_OBUF[0]
    BUFGCTRL_X0Y0        BUFG (Prop_bufg_I_O)         0.026     1.249 r  pmod_OBUF_BUFG[0]_inst/O
                         net (fo=317, routed)         0.553     1.802    pmod_OBUF_BUFG[0]
    SLICE_X49Y25         FDRE                                         r  vram_wr_addr_reg[2]/C
  -------------------------------------------------------------------    -------------------
    SLICE_X49Y25         FDRE (Prop_fdre_C_Q)         0.128     1.930 r  vram_wr_addr_reg[2]/Q
                         net (fo=6, routed)           0.179     2.109    VRAM/Q[2]
    RAMB36_X1Y5          RAMB36E1                                     r  VRAM/ram_reg_1_5/ADDRARDADDR[2]
  -------------------------------------------------------------------    -------------------

                         (clock pmod_OBUF[0] rise edge)
                                                      0.000     0.000 r  
    L17                                               0.000     0.000 r  sysclk (IN)
                         net (fo=0)                   0.000     0.000    sysclk
    L17                  IBUF (Prop_ibuf_I_O)         0.432     0.432 r  sysclk_IBUF_inst/O
                         net (fo=2, routed)           0.480     0.912    pmod_OBUF[1]
    MMCME2_ADV_X0Y0      MMCME2_ADV (Prop_mmcme2_adv_CLKIN1_CLKOUT0)
                                                      0.053     0.965 r  MMCME2_BASE_inst/CLKOUT0
                         net (fo=1, routed)           0.534     1.498    pmod_OBUF[0]
    BUFGCTRL_X0Y0        BUFG (Prop_bufg_I_O)         0.029     1.527 r  pmod_OBUF_BUFG[0]_inst/O
                         net (fo=317, routed)         0.866     2.394    VRAM/pmod_OBUF_BUFG[0]
    RAMB36_X1Y5          RAMB36E1                                     r  VRAM/ram_reg_1_5/CLKARDCLK
                         clock pessimism             -0.532     1.861    
    RAMB36_X1Y5          RAMB36E1 (Hold_ramb36e1_CLKARDCLK_ADDRARDADDR[2])
                                                      0.129     1.990    VRAM/ram_reg_1_5
  -------------------------------------------------------------------
                         required time                         -1.990    
                         arrival time                           2.109    
  -------------------------------------------------------------------
                         slack                                  0.119    





Pulse Width Checks
--------------------------------------------------------------------------------------
Clock Name:         pmod_OBUF[0]
Waveform(ns):       { 0.000 8.138 }
Period(ns):         16.275
Sources:            { MMCME2_BASE_inst/CLKOUT0 }

Check Type        Corner  Lib Pin             Reference Pin  Required(ns)  Actual(ns)  Slack(ns)  Location         Pin
Min Period        n/a     RAMB36E1/CLKARDCLK  n/a            3.363         16.275      12.912     RAMB36_X2Y4      VRAM/ram_reg_0_0/CLKARDCLK
Max Period        n/a     MMCME2_ADV/CLKOUT0  n/a            213.360       16.275      197.085    MMCME2_ADV_X0Y0  MMCME2_BASE_inst/CLKOUT0
Low Pulse Width   Slow    FDRE/C              n/a            0.500         8.138       7.638      SLICE_X50Y26     VRAM_MODE_reg[0]/C
High Pulse Width  Slow    FDRE/C              n/a            0.500         8.138       7.638      SLICE_X50Y26     VRAM_MODE_reg[0]/C



