#-----------------------------------------------------------
# Vivado v2022.1 (64-bit)
# SW Build 3526262 on Mon Apr 18 15:47:01 MDT 2022
# IP Build 3524634 on Mon Apr 18 20:55:01 MDT 2022
# Start of session at: Sun Nov 13 16:30:52 2022
# Process ID: 65469
# Current directory: /home/lilo/Documents/Etch_a_sketch
# Command line: vivado -mode batch -source build.tcl
# Log file: /home/lilo/Documents/Etch_a_sketch/vivado.log
# Journal file: /home/lilo/Documents/Etch_a_sketch/vivado.jou
# Running On: lilo-Latitude-5401, OS: Linux, CPU Frequency: 3237.201 MHz, CPU Physical cores: 6, Host memory: 16561 MB
#-----------------------------------------------------------
source build.tcl
# read_verilog [ glob ./hdl/*.sv ]
read_verilog: Time (s): cpu = 00:00:07 ; elapsed = 00:00:05 . Memory (MB): peak = 2595.527 ; gain = 5.961 ; free physical = 5357 ; free virtual = 12379
# read_xdc ./main.xdc
# synth_design -top main -part xc7a35tcpg236-1
Command: synth_design -top main -part xc7a35tcpg236-1
Starting synth_design
Attempting to get a license for feature 'Synthesis' and/or device 'xc7a35t'
INFO: [Common 17-349] Got license for feature 'Synthesis' and/or device 'xc7a35t'
INFO: [Device 21-403] Loading part xc7a35tcpg236-1
INFO: [Synth 8-7079] Multithreading enabled for synth_design using a maximum of 4 processes.
INFO: [Synth 8-7078] Launching helper process for spawning children vivado processes
INFO: [Synth 8-7075] Helper process launched with PID 65477
WARNING: [Synth 8-6901] identifier 'vram_rd_data_valid' is used before its declaration [/home/lilo/Documents/Etch_a_sketch/hdl/ili9341_display_controller.sv:131]
CRITICAL WARNING: [Synth 8-9873] overwriting previous definition of module 'spi_controller' [/home/lilo/Documents/Etch_a_sketch/hdl/spi_controller.sv:157]
INFO: [Synth 8-9937] previous definition of design element 'spi_controller' is here [/home/lilo/Documents/Etch_a_sketch/hdl/spi_controller_sol.sv:152]
---------------------------------------------------------------------------------
Starting RTL Elaboration : Time (s): cpu = 00:00:04 ; elapsed = 00:00:04 . Memory (MB): peak = 2595.539 ; gain = 0.000 ; free physical = 3595 ; free virtual = 10607
---------------------------------------------------------------------------------
INFO: [Synth 8-6157] synthesizing module 'main' [/home/lilo/Documents/Etch_a_sketch/hdl/main.sv:8]
INFO: [Synth 8-6157] synthesizing module 'MMCME2_BASE' [/home/lilo/xilinx/full_install/Vivado/2022.1/scripts/rt/data/unisim_comp.v:63629]
	Parameter BANDWIDTH bound to: OPTIMIZED - type: string 
	Parameter CLKFBOUT_MULT_F bound to: 64.000000 - type: double 
	Parameter CLKIN1_PERIOD bound to: 83.000000 - type: double 
	Parameter CLKOUT0_DIVIDE_F bound to: 12.500000 - type: double 
	Parameter CLKOUT0_DUTY_CYCLE bound to: 0.500000 - type: double 
	Parameter CLKOUT0_PHASE bound to: 0.000000 - type: double 
	Parameter DIVCLK_DIVIDE bound to: 1 - type: integer 
	Parameter STARTUP_WAIT bound to: FALSE - type: string 
INFO: [Synth 8-6155] done synthesizing module 'MMCME2_BASE' (0#1) [/home/lilo/xilinx/full_install/Vivado/2022.1/scripts/rt/data/unisim_comp.v:63629]
WARNING: [Synth 8-7071] port 'CLKFBOUTB' of module 'MMCME2_BASE' is unconnected for instance 'MMCME2_BASE_inst' [/home/lilo/Documents/Etch_a_sketch/hdl/main.sv:61]
WARNING: [Synth 8-7071] port 'CLKOUT0B' of module 'MMCME2_BASE' is unconnected for instance 'MMCME2_BASE_inst' [/home/lilo/Documents/Etch_a_sketch/hdl/main.sv:61]
WARNING: [Synth 8-7071] port 'CLKOUT1' of module 'MMCME2_BASE' is unconnected for instance 'MMCME2_BASE_inst' [/home/lilo/Documents/Etch_a_sketch/hdl/main.sv:61]
WARNING: [Synth 8-7071] port 'CLKOUT1B' of module 'MMCME2_BASE' is unconnected for instance 'MMCME2_BASE_inst' [/home/lilo/Documents/Etch_a_sketch/hdl/main.sv:61]
WARNING: [Synth 8-7071] port 'CLKOUT2' of module 'MMCME2_BASE' is unconnected for instance 'MMCME2_BASE_inst' [/home/lilo/Documents/Etch_a_sketch/hdl/main.sv:61]
WARNING: [Synth 8-7071] port 'CLKOUT2B' of module 'MMCME2_BASE' is unconnected for instance 'MMCME2_BASE_inst' [/home/lilo/Documents/Etch_a_sketch/hdl/main.sv:61]
WARNING: [Synth 8-7071] port 'CLKOUT3' of module 'MMCME2_BASE' is unconnected for instance 'MMCME2_BASE_inst' [/home/lilo/Documents/Etch_a_sketch/hdl/main.sv:61]
WARNING: [Synth 8-7071] port 'CLKOUT3B' of module 'MMCME2_BASE' is unconnected for instance 'MMCME2_BASE_inst' [/home/lilo/Documents/Etch_a_sketch/hdl/main.sv:61]
WARNING: [Synth 8-7071] port 'CLKOUT4' of module 'MMCME2_BASE' is unconnected for instance 'MMCME2_BASE_inst' [/home/lilo/Documents/Etch_a_sketch/hdl/main.sv:61]
WARNING: [Synth 8-7071] port 'CLKOUT5' of module 'MMCME2_BASE' is unconnected for instance 'MMCME2_BASE_inst' [/home/lilo/Documents/Etch_a_sketch/hdl/main.sv:61]
WARNING: [Synth 8-7071] port 'CLKOUT6' of module 'MMCME2_BASE' is unconnected for instance 'MMCME2_BASE_inst' [/home/lilo/Documents/Etch_a_sketch/hdl/main.sv:61]
WARNING: [Synth 8-7071] port 'LOCKED' of module 'MMCME2_BASE' is unconnected for instance 'MMCME2_BASE_inst' [/home/lilo/Documents/Etch_a_sketch/hdl/main.sv:61]
WARNING: [Synth 8-7023] instance 'MMCME2_BASE_inst' of module 'MMCME2_BASE' has 18 connections declared, but only 6 given [/home/lilo/Documents/Etch_a_sketch/hdl/main.sv:61]
INFO: [Synth 8-6157] synthesizing module 'pulse_generator' [/home/lilo/Documents/Etch_a_sketch/hdl/pulse_generator.sv:5]
	Parameter N bound to: 27 - type: integer 
INFO: [Synth 8-6155] done synthesizing module 'pulse_generator' (0#1) [/home/lilo/Documents/Etch_a_sketch/hdl/pulse_generator.sv:5]
INFO: [Synth 8-6157] synthesizing module 'pulse_generator__parameterized0' [/home/lilo/Documents/Etch_a_sketch/hdl/pulse_generator.sv:5]
	Parameter N bound to: 24 - type: integer 
INFO: [Synth 8-6155] done synthesizing module 'pulse_generator__parameterized0' (0#1) [/home/lilo/Documents/Etch_a_sketch/hdl/pulse_generator.sv:5]
INFO: [Synth 8-6157] synthesizing module 'pulse_generator__parameterized1' [/home/lilo/Documents/Etch_a_sketch/hdl/pulse_generator.sv:5]
	Parameter N bound to: 21 - type: integer 
INFO: [Synth 8-6155] done synthesizing module 'pulse_generator__parameterized1' (0#1) [/home/lilo/Documents/Etch_a_sketch/hdl/pulse_generator.sv:5]
INFO: [Synth 8-6157] synthesizing module 'triangle_generator' [/home/lilo/Documents/Etch_a_sketch/hdl/triangle_generator.sv:4]
	Parameter N bound to: 9 - type: integer 
INFO: [Synth 8-6155] done synthesizing module 'triangle_generator' (0#1) [/home/lilo/Documents/Etch_a_sketch/hdl/triangle_generator.sv:4]
INFO: [Synth 8-6157] synthesizing module 'pwm' [/home/lilo/Documents/Etch_a_sketch/hdl/pwm.sv:7]
	Parameter N bound to: 9 - type: integer 
INFO: [Synth 8-6155] done synthesizing module 'pwm' (0#1) [/home/lilo/Documents/Etch_a_sketch/hdl/pwm.sv:7]
INFO: [Synth 8-6157] synthesizing module 'ili9341_display_controller' [/home/lilo/Documents/Etch_a_sketch/hdl/ili9341_display_controller.sv:14]
INFO: [Synth 8-6157] synthesizing module 'spi_controller' [/home/lilo/Documents/Etch_a_sketch/hdl/spi_controller.sv:6]
INFO: [Synth 8-6155] done synthesizing module 'spi_controller' (0#1) [/home/lilo/Documents/Etch_a_sketch/hdl/spi_controller.sv:6]
INFO: [Synth 8-6157] synthesizing module 'block_rom' [/home/lilo/Documents/Etch_a_sketch/hdl/block_rom.sv:6]
	Parameter W bound to: 8 - type: integer 
	Parameter L bound to: 125 - type: integer 
	Parameter INIT bound to: 208'b0110110101100101011011010110111101110010011010010110010101110011001011110110100101101100011010010011100100110011001101000011000101011111011010010110111001101001011101000010111001101101011001010110110101101000 
INFO: [Synth 8-251] Initializing block rom from file memories/ili9341_init.memh. [/home/lilo/Documents/Etch_a_sketch/hdl/block_rom.sv:18]
INFO: [Synth 8-3876] $readmem data file 'memories/ili9341_init.memh' is read successfully [/home/lilo/Documents/Etch_a_sketch/hdl/block_rom.sv:19]
INFO: [Synth 8-6155] done synthesizing module 'block_rom' (0#1) [/home/lilo/Documents/Etch_a_sketch/hdl/block_rom.sv:6]
INFO: [Synth 8-226] default block is never used [/home/lilo/Documents/Etch_a_sketch/hdl/ili9341_display_controller.sv:196]
INFO: [Synth 8-6155] done synthesizing module 'ili9341_display_controller' (0#1) [/home/lilo/Documents/Etch_a_sketch/hdl/ili9341_display_controller.sv:14]
INFO: [Synth 8-6157] synthesizing module 'ft6206_controller' [/home/lilo/Documents/Etch_a_sketch/hdl/ft6206_controller.sv:7]
	Parameter CLK_HZ bound to: 120000000 - type: integer 
	Parameter I2C_CLK_HZ bound to: 400000 - type: integer 
INFO: [Synth 8-6157] synthesizing module 'i2c_controller' [/home/lilo/Documents/Etch_a_sketch/hdl/i2c_controller.sv:8]
	Parameter CLK_HZ bound to: 120000000 - type: integer 
	Parameter I2C_CLK_HZ bound to: 400000 - type: integer 
INFO: [Synth 8-155] case statement is not full and has no default [/home/lilo/Documents/Etch_a_sketch/hdl/i2c_controller.sv:90]
INFO: [Synth 8-6155] done synthesizing module 'i2c_controller' (0#1) [/home/lilo/Documents/Etch_a_sketch/hdl/i2c_controller.sv:8]
INFO: [Synth 8-155] case statement is not full and has no default [/home/lilo/Documents/Etch_a_sketch/hdl/ft6206_controller.sv:106]
INFO: [Synth 8-155] case statement is not full and has no default [/home/lilo/Documents/Etch_a_sketch/hdl/ft6206_controller.sv:75]
INFO: [Synth 8-6155] done synthesizing module 'ft6206_controller' (0#1) [/home/lilo/Documents/Etch_a_sketch/hdl/ft6206_controller.sv:7]
INFO: [Synth 8-6157] synthesizing module 'block_ram' [/home/lilo/Documents/Etch_a_sketch/hdl/block_ram.sv:5]
	Parameter W bound to: 16 - type: integer 
	Parameter L bound to: 76800 - type: integer 
INFO: [Synth 8-251] Initializing block rom from file zeros.memh. [/home/lilo/Documents/Etch_a_sketch/hdl/block_ram.sv:19]
CRITICAL WARNING: [Synth 8-4445] could not open $readmem data file 'zeros.memh'; please make sure the file is added to project and has read permission, ignoring [/home/lilo/Documents/Etch_a_sketch/hdl/block_ram.sv:20]
INFO: [Synth 8-6155] done synthesizing module 'block_ram' (0#1) [/home/lilo/Documents/Etch_a_sketch/hdl/block_ram.sv:5]
INFO: [Synth 8-155] case statement is not full and has no default [/home/lilo/Documents/Etch_a_sketch/hdl/main.sv:190]
INFO: [Synth 8-6155] done synthesizing module 'main' (0#1) [/home/lilo/Documents/Etch_a_sketch/hdl/main.sv:8]
WARNING: [Synth 8-3848] Net o_ready in module/entity ili9341_display_controller does not have driver. [/home/lilo/Documents/Etch_a_sketch/hdl/ili9341_display_controller.sv:59]
WARNING: [Synth 8-6014] Unused sequential element bytes_counter_reg was removed.  [/home/lilo/Documents/Etch_a_sketch/hdl/ft6206_controller.sv:68]
WARNING: [Synth 8-6014] Unused sequential element touch0_buffer_reg[weight] was removed.  [/home/lilo/Documents/Etch_a_sketch/hdl/ft6206_controller.sv:70]
WARNING: [Synth 8-6014] Unused sequential element touch0_buffer_reg[area] was removed.  [/home/lilo/Documents/Etch_a_sketch/hdl/ft6206_controller.sv:70]
WARNING: [Synth 8-6014] Unused sequential element touch0_buffer_reg[gesture] was removed.  [/home/lilo/Documents/Etch_a_sketch/hdl/ft6206_controller.sv:70]
WARNING: [Synth 8-6014] Unused sequential element touch1_buffer_reg[valid] was removed.  [/home/lilo/Documents/Etch_a_sketch/hdl/ft6206_controller.sv:71]
WARNING: [Synth 8-6014] Unused sequential element touch1_buffer_reg[x] was removed.  [/home/lilo/Documents/Etch_a_sketch/hdl/ft6206_controller.sv:71]
WARNING: [Synth 8-6014] Unused sequential element touch1_buffer_reg[y] was removed.  [/home/lilo/Documents/Etch_a_sketch/hdl/ft6206_controller.sv:71]
WARNING: [Synth 8-6014] Unused sequential element touch1_buffer_reg[weight] was removed.  [/home/lilo/Documents/Etch_a_sketch/hdl/ft6206_controller.sv:71]
WARNING: [Synth 8-6014] Unused sequential element touch1_buffer_reg[area] was removed.  [/home/lilo/Documents/Etch_a_sketch/hdl/ft6206_controller.sv:71]
WARNING: [Synth 8-6014] Unused sequential element touch1_buffer_reg[id] was removed.  [/home/lilo/Documents/Etch_a_sketch/hdl/ft6206_controller.sv:71]
WARNING: [Synth 8-6014] Unused sequential element touch1_buffer_reg[contact] was removed.  [/home/lilo/Documents/Etch_a_sketch/hdl/ft6206_controller.sv:71]
WARNING: [Synth 8-6014] Unused sequential element touch1_buffer_reg[gesture] was removed.  [/home/lilo/Documents/Etch_a_sketch/hdl/ft6206_controller.sv:71]
WARNING: [Synth 8-3848] Net o_ready in module/entity ft6206_controller does not have driver. [/home/lilo/Documents/Etch_a_sketch/hdl/ft6206_controller.sv:32]
WARNING: [Synth 8-3917] design main has port rgb[2] driven by constant 1
WARNING: [Synth 8-3917] design main has port rgb[1] driven by constant 1
WARNING: [Synth 8-3917] design main has port rgb[0] driven by constant 0
WARNING: [Synth 8-3917] design main has port pmod[7] driven by constant 0
WARNING: [Synth 8-3917] design main has port pmod[6] driven by constant 0
WARNING: [Synth 8-3917] design main has port pmod[5] driven by constant 0
WARNING: [Synth 8-3917] design main has port pmod[4] driven by constant 0
WARNING: [Synth 8-3917] design main has port pmod[3] driven by constant 0
WARNING: [Synth 8-3917] design main has port pmod[2] driven by constant 0
WARNING: [Synth 8-3917] design main has port backlight driven by constant 1
WARNING: [Synth 8-7129] Port o_ready in module i2c_controller is either unconnected or has no load
WARNING: [Synth 8-7129] Port o_ready in module spi_controller is either unconnected or has no load
WARNING: [Synth 8-7129] Port touch[x][11] in module ili9341_display_controller is either unconnected or has no load
WARNING: [Synth 8-7129] Port touch[x][10] in module ili9341_display_controller is either unconnected or has no load
WARNING: [Synth 8-7129] Port touch[x][9] in module ili9341_display_controller is either unconnected or has no load
WARNING: [Synth 8-7129] Port touch[x][8] in module ili9341_display_controller is either unconnected or has no load
WARNING: [Synth 8-7129] Port touch[x][1] in module ili9341_display_controller is either unconnected or has no load
WARNING: [Synth 8-7129] Port touch[x][0] in module ili9341_display_controller is either unconnected or has no load
WARNING: [Synth 8-7129] Port touch[y][11] in module ili9341_display_controller is either unconnected or has no load
WARNING: [Synth 8-7129] Port touch[y][10] in module ili9341_display_controller is either unconnected or has no load
WARNING: [Synth 8-7129] Port touch[y][9] in module ili9341_display_controller is either unconnected or has no load
WARNING: [Synth 8-7129] Port touch[y][1] in module ili9341_display_controller is either unconnected or has no load
WARNING: [Synth 8-7129] Port touch[y][0] in module ili9341_display_controller is either unconnected or has no load
WARNING: [Synth 8-7129] Port touch[weight][7] in module ili9341_display_controller is either unconnected or has no load
WARNING: [Synth 8-7129] Port touch[weight][6] in module ili9341_display_controller is either unconnected or has no load
WARNING: [Synth 8-7129] Port touch[weight][5] in module ili9341_display_controller is either unconnected or has no load
WARNING: [Synth 8-7129] Port touch[weight][4] in module ili9341_display_controller is either unconnected or has no load
WARNING: [Synth 8-7129] Port touch[weight][3] in module ili9341_display_controller is either unconnected or has no load
WARNING: [Synth 8-7129] Port touch[weight][2] in module ili9341_display_controller is either unconnected or has no load
WARNING: [Synth 8-7129] Port touch[weight][1] in module ili9341_display_controller is either unconnected or has no load
WARNING: [Synth 8-7129] Port touch[weight][0] in module ili9341_display_controller is either unconnected or has no load
WARNING: [Synth 8-7129] Port touch[area][3] in module ili9341_display_controller is either unconnected or has no load
WARNING: [Synth 8-7129] Port touch[area][2] in module ili9341_display_controller is either unconnected or has no load
WARNING: [Synth 8-7129] Port touch[area][1] in module ili9341_display_controller is either unconnected or has no load
WARNING: [Synth 8-7129] Port touch[area][0] in module ili9341_display_controller is either unconnected or has no load
WARNING: [Synth 8-7129] Port touch[id][3] in module ili9341_display_controller is either unconnected or has no load
WARNING: [Synth 8-7129] Port touch[id][2] in module ili9341_display_controller is either unconnected or has no load
WARNING: [Synth 8-7129] Port touch[id][1] in module ili9341_display_controller is either unconnected or has no load
WARNING: [Synth 8-7129] Port touch[id][0] in module ili9341_display_controller is either unconnected or has no load
WARNING: [Synth 8-7129] Port touch[contact][1] in module ili9341_display_controller is either unconnected or has no load
WARNING: [Synth 8-7129] Port touch[contact][0] in module ili9341_display_controller is either unconnected or has no load
WARNING: [Synth 8-7129] Port touch[gesture][7] in module ili9341_display_controller is either unconnected or has no load
WARNING: [Synth 8-7129] Port touch[gesture][6] in module ili9341_display_controller is either unconnected or has no load
WARNING: [Synth 8-7129] Port touch[gesture][5] in module ili9341_display_controller is either unconnected or has no load
WARNING: [Synth 8-7129] Port touch[gesture][4] in module ili9341_display_controller is either unconnected or has no load
WARNING: [Synth 8-7129] Port touch[gesture][3] in module ili9341_display_controller is either unconnected or has no load
WARNING: [Synth 8-7129] Port touch[gesture][2] in module ili9341_display_controller is either unconnected or has no load
WARNING: [Synth 8-7129] Port touch[gesture][1] in module ili9341_display_controller is either unconnected or has no load
WARNING: [Synth 8-7129] Port touch[gesture][0] in module ili9341_display_controller is either unconnected or has no load
WARNING: [Synth 8-7129] Port touch_irq in module main is either unconnected or has no load
---------------------------------------------------------------------------------
Finished RTL Elaboration : Time (s): cpu = 00:00:06 ; elapsed = 00:00:06 . Memory (MB): peak = 2595.539 ; gain = 0.000 ; free physical = 4700 ; free virtual = 11714
---------------------------------------------------------------------------------
---------------------------------------------------------------------------------
Start Handling Custom Attributes
---------------------------------------------------------------------------------
---------------------------------------------------------------------------------
Finished Handling Custom Attributes : Time (s): cpu = 00:00:06 ; elapsed = 00:00:06 . Memory (MB): peak = 2595.539 ; gain = 0.000 ; free physical = 4699 ; free virtual = 11713
---------------------------------------------------------------------------------
---------------------------------------------------------------------------------
Finished RTL Optimization Phase 1 : Time (s): cpu = 00:00:06 ; elapsed = 00:00:06 . Memory (MB): peak = 2595.539 ; gain = 0.000 ; free physical = 4699 ; free virtual = 11713
---------------------------------------------------------------------------------
Netlist sorting complete. Time (s): cpu = 00:00:00.01 ; elapsed = 00:00:00.01 . Memory (MB): peak = 2595.539 ; gain = 0.000 ; free physical = 4691 ; free virtual = 11705
INFO: [Netlist 29-17] Analyzing 1 Unisim elements for replacement
INFO: [Netlist 29-28] Unisim Transformation completed in 0 CPU seconds
INFO: [Project 1-570] Preparing netlist for logic optimization

Processing XDC Constraints
Initializing timing engine
Parsing XDC File [/home/lilo/Documents/Etch_a_sketch/main.xdc]
Finished Parsing XDC File [/home/lilo/Documents/Etch_a_sketch/main.xdc]
INFO: [Project 1-236] Implementation specific constraints were found while reading constraint file [/home/lilo/Documents/Etch_a_sketch/main.xdc]. These constraints will be ignored for synthesis but will be used in implementation. Impacted constraints are listed in the file [.Xil/main_propImpl.xdc].
Resolution: To avoid this warning, move constraints listed in [.Xil/main_propImpl.xdc] to another XDC file and exclude this new file from synthesis with the used_in_synthesis property (File Properties dialog in GUI) and re-run elaboration/synthesis.
INFO: [Timing 38-2] Deriving generated clocks
Completed Processing XDC Constraints

Netlist sorting complete. Time (s): cpu = 00:00:00 ; elapsed = 00:00:00.01 . Memory (MB): peak = 2659.559 ; gain = 0.000 ; free physical = 4608 ; free virtual = 11622
INFO: [Project 1-111] Unisim Transformation Summary:
  A total of 1 instances were transformed.
  MMCME2_BASE => MMCME2_ADV: 1 instance 

Constraint Validation Runtime : Time (s): cpu = 00:00:00 ; elapsed = 00:00:00 . Memory (MB): peak = 2659.559 ; gain = 0.000 ; free physical = 4608 ; free virtual = 11622
---------------------------------------------------------------------------------
Finished Constraint Validation : Time (s): cpu = 00:00:12 ; elapsed = 00:00:12 . Memory (MB): peak = 2659.559 ; gain = 64.020 ; free physical = 4688 ; free virtual = 11697
---------------------------------------------------------------------------------
---------------------------------------------------------------------------------
Start Loading Part and Timing Information
---------------------------------------------------------------------------------
Loading part: xc7a35tcpg236-1
---------------------------------------------------------------------------------
Finished Loading Part and Timing Information : Time (s): cpu = 00:00:12 ; elapsed = 00:00:12 . Memory (MB): peak = 2659.559 ; gain = 64.020 ; free physical = 4688 ; free virtual = 11697
---------------------------------------------------------------------------------
---------------------------------------------------------------------------------
Start Applying 'set_property' XDC Constraints
---------------------------------------------------------------------------------
---------------------------------------------------------------------------------
Finished applying 'set_property' XDC Constraints : Time (s): cpu = 00:00:12 ; elapsed = 00:00:13 . Memory (MB): peak = 2659.559 ; gain = 64.020 ; free physical = 4687 ; free virtual = 11697
---------------------------------------------------------------------------------
INFO: [Synth 8-802] inferred FSM for state register 'state_reg' in module 'spi_controller'
INFO: [Synth 8-802] inferred FSM for state register 'state_reg' in module 'i2c_controller'
INFO: [Synth 8-802] inferred FSM for state register 'VRAM_MODE_reg' in module 'main'
---------------------------------------------------------------------------------------------------
                   State |                     New Encoding |                Previous Encoding 
---------------------------------------------------------------------------------------------------
                  S_IDLE |                              000 |                              000
                 S_TXING |                              001 |                              001
               S_TX_DONE |                              010 |                              010
                 S_RXING |                              011 |                              011
                 iSTATE0 |                              100 |                              111
*
                  iSTATE |                              101 |                              101
---------------------------------------------------------------------------------------------------
INFO: [Synth 8-3354] encoded FSM with state register 'state_reg' using encoding 'sequential' in module 'spi_controller'
---------------------------------------------------------------------------------------------------
                   State |                     New Encoding |                Previous Encoding 
---------------------------------------------------------------------------------------------------
                 iSTATE3 |                        000000001 |                             0000
                 iSTATE2 |                        000000010 |                             0001
                 iSTATE1 |                        000000100 |                             0010
                 iSTATE0 |                        000001000 |                             0011
                  iSTATE |                        000010000 |                             0100
                 iSTATE8 |                        000100000 |                             0101
                 iSTATE6 |                        001000000 |                             0110
                 iSTATE5 |                        010000000 |                             0111
                 iSTATE7 |                        100000000 |                             1000
---------------------------------------------------------------------------------------------------
INFO: [Synth 8-3354] encoded FSM with state register 'state_reg' using encoding 'one-hot' in module 'i2c_controller'
---------------------------------------------------------------------------------------------------
                   State |                     New Encoding |                Previous Encoding 
---------------------------------------------------------------------------------------------------
                   RESET |                                0 |                               00
                  UPDATE |                                1 |                               01
---------------------------------------------------------------------------------------------------
INFO: [Synth 8-3354] encoded FSM with state register 'VRAM_MODE_reg' using encoding 'sequential' in module 'main'
---------------------------------------------------------------------------------
Finished RTL Optimization Phase 2 : Time (s): cpu = 00:00:13 ; elapsed = 00:00:13 . Memory (MB): peak = 2659.559 ; gain = 64.020 ; free physical = 4679 ; free virtual = 11690
---------------------------------------------------------------------------------
---------------------------------------------------------------------------------
Start RTL Component Statistics 
---------------------------------------------------------------------------------
Detailed RTL Component Info : 
+---Adders : 
	   2 Input   22 Bit       Adders := 1     
	   2 Input   17 Bit       Adders := 1     
	   2 Input   12 Bit       Adders := 2     
	   2 Input    9 Bit       Adders := 6     
	   2 Input    8 Bit       Adders := 3     
	   2 Input    7 Bit       Adders := 1     
	   2 Input    5 Bit       Adders := 1     
	   2 Input    4 Bit       Adders := 1     
+---Registers : 
	               24 Bit    Registers := 2     
	               22 Bit    Registers := 1     
	               17 Bit    Registers := 2     
	               16 Bit    Registers := 3     
	               12 Bit    Registers := 5     
	                9 Bit    Registers := 7     
	                8 Bit    Registers := 9     
	                7 Bit    Registers := 1     
	                5 Bit    Registers := 3     
	                4 Bit    Registers := 4     
	                3 Bit    Registers := 4     
	                2 Bit    Registers := 4     
	                1 Bit    Registers := 13    
+---RAMs : 
	            1200K Bit	(76800 X 16 bit)          RAMs := 1     
+---ROMs : 
	                    ROMs := 1     
+---Muxes : 
	   2 Input   24 Bit        Muxes := 1     
	   5 Input   24 Bit        Muxes := 2     
	   4 Input   24 Bit        Muxes := 1     
	   8 Input   22 Bit        Muxes := 1     
	   2 Input   22 Bit        Muxes := 1     
	   3 Input   21 Bit        Muxes := 1     
	   2 Input   17 Bit        Muxes := 3     
	   8 Input   16 Bit        Muxes := 1     
	   2 Input   16 Bit        Muxes := 1     
	   3 Input   16 Bit        Muxes := 1     
	   7 Input   12 Bit        Muxes := 2     
	   2 Input   12 Bit        Muxes := 2     
	  11 Input   12 Bit        Muxes := 2     
	   7 Input    9 Bit        Muxes := 1     
	   2 Input    9 Bit        Muxes := 3     
	   9 Input    9 Bit        Muxes := 1     
	   7 Input    8 Bit        Muxes := 1     
	   2 Input    8 Bit        Muxes := 5     
	   3 Input    8 Bit        Muxes := 1     
	   8 Input    8 Bit        Muxes := 1     
	   9 Input    8 Bit        Muxes := 2     
	  23 Input    8 Bit        Muxes := 1     
	  11 Input    8 Bit        Muxes := 1     
	   4 Input    8 Bit        Muxes := 1     
	   2 Input    7 Bit        Muxes := 1     
	   4 Input    5 Bit        Muxes := 1     
	   5 Input    5 Bit        Muxes := 1     
	   2 Input    5 Bit        Muxes := 2     
	  11 Input    5 Bit        Muxes := 2     
	   2 Input    4 Bit        Muxes := 4     
	   9 Input    4 Bit        Muxes := 1     
	   3 Input    4 Bit        Muxes := 1     
	   6 Input    3 Bit        Muxes := 1     
	   5 Input    3 Bit        Muxes := 1     
	   2 Input    3 Bit        Muxes := 5     
	   7 Input    3 Bit        Muxes := 2     
	   8 Input    3 Bit        Muxes := 2     
	   3 Input    3 Bit        Muxes := 1     
	   3 Input    2 Bit        Muxes := 1     
	   2 Input    2 Bit        Muxes := 1     
	   2 Input    1 Bit        Muxes := 58    
	   3 Input    1 Bit        Muxes := 4     
	   5 Input    1 Bit        Muxes := 10    
	   7 Input    1 Bit        Muxes := 11    
	   8 Input    1 Bit        Muxes := 8     
	   9 Input    1 Bit        Muxes := 4     
	  11 Input    1 Bit        Muxes := 11    
	   6 Input    1 Bit        Muxes := 4     
	  10 Input    1 Bit        Muxes := 1     
---------------------------------------------------------------------------------
Finished RTL Component Statistics 
---------------------------------------------------------------------------------
---------------------------------------------------------------------------------
Start Part Resource Summary
---------------------------------------------------------------------------------
Part Resources:
DSPs: 90 (col length:60)
BRAMs: 100 (col length: RAMB18 60 RAMB36 30)
---------------------------------------------------------------------------------
Finished Part Resource Summary
---------------------------------------------------------------------------------
---------------------------------------------------------------------------------
Start Cross Boundary and Area Optimization
---------------------------------------------------------------------------------
WARNING: [Synth 8-7080] Parallel synthesis criteria is not met
WARNING: [Synth 8-3917] design main has port rgb[2] driven by constant 1
WARNING: [Synth 8-3917] design main has port rgb[1] driven by constant 1
WARNING: [Synth 8-3917] design main has port rgb[0] driven by constant 0
WARNING: [Synth 8-3917] design main has port pmod[7] driven by constant 0
WARNING: [Synth 8-3917] design main has port pmod[6] driven by constant 0
WARNING: [Synth 8-3917] design main has port pmod[5] driven by constant 0
WARNING: [Synth 8-3917] design main has port pmod[4] driven by constant 0
WARNING: [Synth 8-3917] design main has port pmod[3] driven by constant 0
WARNING: [Synth 8-3917] design main has port pmod[2] driven by constant 0
WARNING: [Synth 8-3917] design main has port interface_mode[3] driven by constant 1
WARNING: [Synth 8-3917] design main has port interface_mode[2] driven by constant 1
WARNING: [Synth 8-3917] design main has port interface_mode[1] driven by constant 1
WARNING: [Synth 8-3917] design main has port interface_mode[0] driven by constant 0
WARNING: [Synth 8-3917] design main has port backlight driven by constant 1
WARNING: [Synth 8-7129] Port touch_irq in module main is either unconnected or has no load
WARNING: [Synth 8-7129] Port spi_miso in module main is either unconnected or has no load
WARNING: [Synth 8-3332] Sequential element (VRAM/ram_reg_mux_sel_a_pos_1) is unused and will be removed from module main.
WARNING: [Synth 8-3332] Sequential element (VRAM/ram_reg_mux_sel_a_pos_1__0) is unused and will be removed from module main.
WARNING: [Synth 8-3332] Sequential element (VRAM/ram_reg_mux_sel_a_pos_1__1) is unused and will be removed from module main.
WARNING: [Synth 8-3332] Sequential element (VRAM/ram_reg_mux_sel_a_pos_1__2) is unused and will be removed from module main.
WARNING: [Synth 8-3332] Sequential element (VRAM/ram_reg_mux_sel_a_pos_1__3) is unused and will be removed from module main.
WARNING: [Synth 8-3332] Sequential element (VRAM/ram_reg_mux_sel_a_pos_1__4) is unused and will be removed from module main.
WARNING: [Synth 8-3332] Sequential element (VRAM/ram_reg_mux_sel_a_pos_1__5) is unused and will be removed from module main.
WARNING: [Synth 8-3332] Sequential element (VRAM/ram_reg_mux_sel_a_pos_1__6) is unused and will be removed from module main.
WARNING: [Synth 8-3332] Sequential element (VRAM/ram_reg_mux_sel_a_pos_1__7) is unused and will be removed from module main.
WARNING: [Synth 8-3332] Sequential element (VRAM/ram_reg_mux_sel_a_pos_1__8) is unused and will be removed from module main.
WARNING: [Synth 8-3332] Sequential element (VRAM/ram_reg_mux_sel_a_pos_1__9) is unused and will be removed from module main.
WARNING: [Synth 8-3332] Sequential element (VRAM/ram_reg_mux_sel_a_pos_1__10) is unused and will be removed from module main.
WARNING: [Synth 8-3332] Sequential element (VRAM/ram_reg_mux_sel_a_pos_1__11) is unused and will be removed from module main.
WARNING: [Synth 8-3332] Sequential element (VRAM/ram_reg_mux_sel_a_pos_1__12) is unused and will be removed from module main.
WARNING: [Synth 8-3332] Sequential element (VRAM/ram_reg_mux_sel_a_pos_1__13) is unused and will be removed from module main.
WARNING: [Synth 8-3332] Sequential element (VRAM/ram_reg_mux_sel_a_pos_1__14) is unused and will be removed from module main.
---------------------------------------------------------------------------------
Finished Cross Boundary and Area Optimization : Time (s): cpu = 00:00:19 ; elapsed = 00:00:20 . Memory (MB): peak = 2659.559 ; gain = 64.020 ; free physical = 4613 ; free virtual = 11606
---------------------------------------------------------------------------------
---------------------------------------------------------------------------------
Start ROM, RAM, DSP, Shift Register and Retiming Reporting
---------------------------------------------------------------------------------

ROM: Preliminary Mapping Report
+------------+--------------------------+---------------+----------------+
|Module Name | RTL Object               | Depth x Width | Implemented As | 
+------------+--------------------------+---------------+----------------+
|main        | ILI9341/rom_addr_reg_rep | 128x8         | Block RAM      | 
+------------+--------------------------+---------------+----------------+


Block RAM: Preliminary Mapping Report (see note below)
+------------+--------------+------------------------+---+---+------------------------+---+---+------------------+--------+--------+
|Module Name | RTL Object   | PORT A (Depth x Width) | W | R | PORT B (Depth x Width) | W | R | Ports driving FF | RAMB18 | RAMB36 | 
+------------+--------------+------------------------+---+---+------------------------+---+---+------------------+--------+--------+
|main        | VRAM/ram_reg | 75 K x 16(READ_FIRST)  | W |   | 75 K x 16(WRITE_FIRST) |   | R | Port A and B     | 0      | 48     | 
+------------+--------------+------------------------+---+---+------------------------+---+---+------------------+--------+--------+

Note: The table above is a preliminary report that shows the Block RAMs at the current stage of the synthesis flow. Some Block RAMs may be reimplemented as non Block RAM primitives later in the synthesis flow. Multiple instantiated Block RAMs are reported only once. 
---------------------------------------------------------------------------------
Finished ROM, RAM, DSP, Shift Register and Retiming Reporting
---------------------------------------------------------------------------------
---------------------------------------------------------------------------------
Start Applying XDC Timing Constraints
---------------------------------------------------------------------------------
---------------------------------------------------------------------------------
Finished Applying XDC Timing Constraints : Time (s): cpu = 00:00:23 ; elapsed = 00:00:24 . Memory (MB): peak = 2659.559 ; gain = 64.020 ; free physical = 4505 ; free virtual = 11494
---------------------------------------------------------------------------------
---------------------------------------------------------------------------------
Start Timing Optimization
---------------------------------------------------------------------------------
---------------------------------------------------------------------------------
Finished Timing Optimization : Time (s): cpu = 00:00:27 ; elapsed = 00:00:28 . Memory (MB): peak = 2659.559 ; gain = 64.020 ; free physical = 4522 ; free virtual = 11510
---------------------------------------------------------------------------------
---------------------------------------------------------------------------------
Start ROM, RAM, DSP, Shift Register and Retiming Reporting
---------------------------------------------------------------------------------

Block RAM: Final Mapping Report
+------------+--------------+------------------------+---+---+------------------------+---+---+------------------+--------+--------+
|Module Name | RTL Object   | PORT A (Depth x Width) | W | R | PORT B (Depth x Width) | W | R | Ports driving FF | RAMB18 | RAMB36 | 
+------------+--------------+------------------------+---+---+------------------------+---+---+------------------+--------+--------+
|main        | VRAM/ram_reg | 75 K x 16(READ_FIRST)  | W |   | 75 K x 16(WRITE_FIRST) |   | R | Port A and B     | 0      | 48     | 
+------------+--------------+------------------------+---+---+------------------------+---+---+------------------+--------+--------+

---------------------------------------------------------------------------------
Finished ROM, RAM, DSP, Shift Register and Retiming Reporting
---------------------------------------------------------------------------------
---------------------------------------------------------------------------------
Start Technology Mapping
---------------------------------------------------------------------------------
INFO: [Synth 8-223] decloning instance 'VRAM/ram_reg_0_1' (RAMB36E1) to 'VRAM/ram_reg_0_0'
INFO: [Synth 8-223] decloning instance 'VRAM/ram_reg_0_2' (RAMB36E1) to 'VRAM/ram_reg_0_0'
INFO: [Synth 8-223] decloning instance 'VRAM/ram_reg_0_3' (RAMB36E1) to 'VRAM/ram_reg_0_0'
INFO: [Synth 8-223] decloning instance 'VRAM/ram_reg_0_4' (RAMB36E1) to 'VRAM/ram_reg_0_0'
INFO: [Synth 8-223] decloning instance 'VRAM/ram_reg_0_11' (RAMB36E1) to 'VRAM/ram_reg_0_0'
INFO: [Synth 8-223] decloning instance 'VRAM/ram_reg_0_12' (RAMB36E1) to 'VRAM/ram_reg_0_0'
INFO: [Synth 8-223] decloning instance 'VRAM/ram_reg_0_13' (RAMB36E1) to 'VRAM/ram_reg_0_0'
INFO: [Synth 8-223] decloning instance 'VRAM/ram_reg_0_14' (RAMB36E1) to 'VRAM/ram_reg_0_0'
INFO: [Synth 8-223] decloning instance 'VRAM/ram_reg_0_15' (RAMB36E1) to 'VRAM/ram_reg_0_0'
INFO: [Synth 8-223] decloning instance 'VRAM/ram_reg_1_1' (RAMB36E1_1) to 'VRAM/ram_reg_1_0'
INFO: [Synth 8-223] decloning instance 'VRAM/ram_reg_1_2' (RAMB36E1_1) to 'VRAM/ram_reg_1_0'
INFO: [Synth 8-223] decloning instance 'VRAM/ram_reg_1_3' (RAMB36E1_1) to 'VRAM/ram_reg_1_0'
INFO: [Synth 8-223] decloning instance 'VRAM/ram_reg_1_4' (RAMB36E1_1) to 'VRAM/ram_reg_1_0'
INFO: [Synth 8-223] decloning instance 'VRAM/ram_reg_1_11' (RAMB36E1_1) to 'VRAM/ram_reg_1_0'
INFO: [Synth 8-223] decloning instance 'VRAM/ram_reg_1_12' (RAMB36E1_1) to 'VRAM/ram_reg_1_0'
INFO: [Synth 8-223] decloning instance 'VRAM/ram_reg_1_13' (RAMB36E1_1) to 'VRAM/ram_reg_1_0'
INFO: [Synth 8-223] decloning instance 'VRAM/ram_reg_1_14' (RAMB36E1_1) to 'VRAM/ram_reg_1_0'
INFO: [Synth 8-223] decloning instance 'VRAM/ram_reg_1_15' (RAMB36E1_1) to 'VRAM/ram_reg_1_0'
INFO: [Synth 8-223] decloning instance 'VRAM/ram_reg_0_6' (RAMB36E1) to 'VRAM/ram_reg_0_5'
INFO: [Synth 8-223] decloning instance 'VRAM/ram_reg_0_7' (RAMB36E1) to 'VRAM/ram_reg_0_5'
INFO: [Synth 8-223] decloning instance 'VRAM/ram_reg_0_8' (RAMB36E1) to 'VRAM/ram_reg_0_5'
INFO: [Synth 8-223] decloning instance 'VRAM/ram_reg_0_9' (RAMB36E1) to 'VRAM/ram_reg_0_5'
INFO: [Synth 8-223] decloning instance 'VRAM/ram_reg_0_10' (RAMB36E1) to 'VRAM/ram_reg_0_5'
INFO: [Synth 8-223] decloning instance 'VRAM/ram_reg_1_6' (RAMB36E1_1) to 'VRAM/ram_reg_1_5'
INFO: [Synth 8-223] decloning instance 'VRAM/ram_reg_1_7' (RAMB36E1_1) to 'VRAM/ram_reg_1_5'
INFO: [Synth 8-223] decloning instance 'VRAM/ram_reg_1_8' (RAMB36E1_1) to 'VRAM/ram_reg_1_5'
INFO: [Synth 8-223] decloning instance 'VRAM/ram_reg_1_9' (RAMB36E1_1) to 'VRAM/ram_reg_1_5'
INFO: [Synth 8-223] decloning instance 'VRAM/ram_reg_1_10' (RAMB36E1_1) to 'VRAM/ram_reg_1_5'
INFO: [Synth 8-223] decloning instance 'VRAM/ram_reg_1_1__0' (RAMB36E1_2) to 'VRAM/ram_reg_1_0__0'
INFO: [Synth 8-223] decloning instance 'VRAM/ram_reg_1_2__0' (RAMB36E1_2) to 'VRAM/ram_reg_1_0__0'
INFO: [Synth 8-223] decloning instance 'VRAM/ram_reg_1_3__0' (RAMB36E1_2) to 'VRAM/ram_reg_1_0__0'
INFO: [Synth 8-223] decloning instance 'VRAM/ram_reg_1_4__0' (RAMB36E1_2) to 'VRAM/ram_reg_1_0__0'
INFO: [Synth 8-223] decloning instance 'VRAM/ram_reg_1_11__0' (RAMB36E1_2) to 'VRAM/ram_reg_1_0__0'
INFO: [Synth 8-223] decloning instance 'VRAM/ram_reg_1_12__0' (RAMB36E1_2) to 'VRAM/ram_reg_1_0__0'
INFO: [Synth 8-223] decloning instance 'VRAM/ram_reg_1_13__0' (RAMB36E1_2) to 'VRAM/ram_reg_1_0__0'
INFO: [Synth 8-223] decloning instance 'VRAM/ram_reg_1_14__0' (RAMB36E1_2) to 'VRAM/ram_reg_1_0__0'
INFO: [Synth 8-223] decloning instance 'VRAM/ram_reg_1_15__0' (RAMB36E1_2) to 'VRAM/ram_reg_1_0__0'
INFO: [Synth 8-223] decloning instance 'VRAM/ram_reg_1_6__0' (RAMB36E1_2) to 'VRAM/ram_reg_1_5__0'
INFO: [Synth 8-223] decloning instance 'VRAM/ram_reg_1_7__0' (RAMB36E1_2) to 'VRAM/ram_reg_1_5__0'
INFO: [Synth 8-223] decloning instance 'VRAM/ram_reg_1_8__0' (RAMB36E1_2) to 'VRAM/ram_reg_1_5__0'
INFO: [Synth 8-223] decloning instance 'VRAM/ram_reg_1_9__0' (RAMB36E1_2) to 'VRAM/ram_reg_1_5__0'
INFO: [Synth 8-223] decloning instance 'VRAM/ram_reg_1_10__0' (RAMB36E1_2) to 'VRAM/ram_reg_1_5__0'
INFO: [Synth 8-7052] The timing for the instance VRAM/ram_reg_1_0 (implemented as a Block RAM) might be sub-optimal as no optional output register could be merged into the ram block. Providing additional output register may help in improving timing.
INFO: [Synth 8-7052] The timing for the instance VRAM/ram_reg_1_5 (implemented as a Block RAM) might be sub-optimal as no optional output register could be merged into the ram block. Providing additional output register may help in improving timing.
INFO: [Synth 8-7052] The timing for the instance VRAM/ram_reg_1_0__0 (implemented as a Block RAM) might be sub-optimal as no optional output register could be merged into the ram block. Providing additional output register may help in improving timing.
INFO: [Synth 8-7052] The timing for the instance VRAM/ram_reg_1_5__0 (implemented as a Block RAM) might be sub-optimal as no optional output register could be merged into the ram block. Providing additional output register may help in improving timing.
---------------------------------------------------------------------------------
Finished Technology Mapping : Time (s): cpu = 00:00:28 ; elapsed = 00:00:29 . Memory (MB): peak = 2659.559 ; gain = 64.020 ; free physical = 4523 ; free virtual = 11512
---------------------------------------------------------------------------------
---------------------------------------------------------------------------------
Start IO Insertion
---------------------------------------------------------------------------------
---------------------------------------------------------------------------------
Start Flattening Before IO Insertion
---------------------------------------------------------------------------------
---------------------------------------------------------------------------------
Finished Flattening Before IO Insertion
---------------------------------------------------------------------------------
---------------------------------------------------------------------------------
Start Final Netlist Cleanup
---------------------------------------------------------------------------------
---------------------------------------------------------------------------------
Finished Final Netlist Cleanup
---------------------------------------------------------------------------------
---------------------------------------------------------------------------------
Finished IO Insertion : Time (s): cpu = 00:00:31 ; elapsed = 00:00:32 . Memory (MB): peak = 2659.559 ; gain = 64.020 ; free physical = 4523 ; free virtual = 11510
---------------------------------------------------------------------------------
---------------------------------------------------------------------------------
Start Renaming Generated Instances
---------------------------------------------------------------------------------
---------------------------------------------------------------------------------
Finished Renaming Generated Instances : Time (s): cpu = 00:00:31 ; elapsed = 00:00:32 . Memory (MB): peak = 2659.559 ; gain = 64.020 ; free physical = 4523 ; free virtual = 11510
---------------------------------------------------------------------------------
---------------------------------------------------------------------------------
Start Rebuilding User Hierarchy
---------------------------------------------------------------------------------
---------------------------------------------------------------------------------
Finished Rebuilding User Hierarchy : Time (s): cpu = 00:00:31 ; elapsed = 00:00:32 . Memory (MB): peak = 2659.559 ; gain = 64.020 ; free physical = 4522 ; free virtual = 11510
---------------------------------------------------------------------------------
---------------------------------------------------------------------------------
Start Renaming Generated Ports
---------------------------------------------------------------------------------
---------------------------------------------------------------------------------
Finished Renaming Generated Ports : Time (s): cpu = 00:00:31 ; elapsed = 00:00:32 . Memory (MB): peak = 2659.559 ; gain = 64.020 ; free physical = 4522 ; free virtual = 11510
---------------------------------------------------------------------------------
---------------------------------------------------------------------------------
Start Handling Custom Attributes
---------------------------------------------------------------------------------
---------------------------------------------------------------------------------
Finished Handling Custom Attributes : Time (s): cpu = 00:00:31 ; elapsed = 00:00:32 . Memory (MB): peak = 2659.559 ; gain = 64.020 ; free physical = 4522 ; free virtual = 11510
---------------------------------------------------------------------------------
---------------------------------------------------------------------------------
Start Renaming Generated Nets
---------------------------------------------------------------------------------
---------------------------------------------------------------------------------
Finished Renaming Generated Nets : Time (s): cpu = 00:00:31 ; elapsed = 00:00:32 . Memory (MB): peak = 2659.559 ; gain = 64.020 ; free physical = 4522 ; free virtual = 11510
---------------------------------------------------------------------------------
---------------------------------------------------------------------------------
Start Writing Synthesis Report
---------------------------------------------------------------------------------

Report BlackBoxes: 
+-+--------------+----------+
| |BlackBox name |Instances |
+-+--------------+----------+
+-+--------------+----------+

Report Cell Usage: 
+------+------------+------+
|      |Cell        |Count |
+------+------------+------+
|1     |BUFG        |     1|
|2     |CARRY4      |    44|
|3     |LUT1        |    72|
|4     |LUT2        |    68|
|5     |LUT3        |    54|
|6     |LUT4        |    81|
|7     |LUT5        |    64|
|8     |LUT6        |   111|
|9     |MMCME2_BASE |     1|
|10    |MUXF7       |     3|
|11    |RAMB18E1    |     1|
|12    |RAMB36E1    |     6|
|15    |FDRE        |   276|
|16    |FDSE        |    17|
|17    |IBUF        |     3|
|18    |IOBUF       |     1|
|19    |OBUF        |    24|
+------+------------+------+
---------------------------------------------------------------------------------
Finished Writing Synthesis Report : Time (s): cpu = 00:00:31 ; elapsed = 00:00:32 . Memory (MB): peak = 2659.559 ; gain = 64.020 ; free physical = 4522 ; free virtual = 11510
---------------------------------------------------------------------------------
Synthesis finished with 0 errors, 0 critical warnings and 33 warnings.
Synthesis Optimization Runtime : Time (s): cpu = 00:00:30 ; elapsed = 00:00:31 . Memory (MB): peak = 2659.559 ; gain = 0.000 ; free physical = 4573 ; free virtual = 11562
Synthesis Optimization Complete : Time (s): cpu = 00:00:31 ; elapsed = 00:00:32 . Memory (MB): peak = 2659.559 ; gain = 64.020 ; free physical = 4573 ; free virtual = 11562
INFO: [Project 1-571] Translating synthesized netlist
Netlist sorting complete. Time (s): cpu = 00:00:05 ; elapsed = 00:00:00.01 . Memory (MB): peak = 2659.559 ; gain = 0.000 ; free physical = 4665 ; free virtual = 11655
INFO: [Netlist 29-17] Analyzing 56 Unisim elements for replacement
INFO: [Netlist 29-28] Unisim Transformation completed in 0 CPU seconds
INFO: [Project 1-570] Preparing netlist for logic optimization
Parsing XDC File [/home/lilo/Documents/Etch_a_sketch/main.xdc]
Finished Parsing XDC File [/home/lilo/Documents/Etch_a_sketch/main.xdc]
INFO: [Opt 31-138] Pushed 0 inverter(s) to 0 load pin(s).
Netlist sorting complete. Time (s): cpu = 00:00:00 ; elapsed = 00:00:00 . Memory (MB): peak = 2659.559 ; gain = 0.000 ; free physical = 4598 ; free virtual = 11588
INFO: [Project 1-111] Unisim Transformation Summary:
  A total of 2 instances were transformed.
  IOBUF => IOBUF (IBUF, OBUFT): 1 instance 
  MMCME2_BASE => MMCME2_ADV: 1 instance 

Synth Design complete, checksum: d083fdd8
INFO: [Common 17-83] Releasing license: Synthesis
105 Infos, 111 Warnings, 2 Critical Warnings and 0 Errors encountered.
synth_design completed successfully
synth_design: Time (s): cpu = 00:00:41 ; elapsed = 00:00:38 . Memory (MB): peak = 2659.559 ; gain = 64.031 ; free physical = 4818 ; free virtual = 11808
# write_checkpoint -force synthesis.checkpoint
INFO: [Timing 38-480] Writing timing data to binary archive.
Writing XDEF routing.
Writing XDEF routing logical nets.
Writing XDEF routing special nets.
Write XDEF Complete: Time (s): cpu = 00:00:00.09 ; elapsed = 00:00:00.03 . Memory (MB): peak = 2731.594 ; gain = 32.016 ; free physical = 4817 ; free virtual = 11807
INFO: [Common 17-1381] The checkpoint '/home/lilo/Documents/Etch_a_sketch/synthesis.checkpoint' has been generated.
# opt_design
Command: opt_design
Attempting to get a license for feature 'Implementation' and/or device 'xc7a35t'
INFO: [Common 17-349] Got license for feature 'Implementation' and/or device 'xc7a35t'
Running DRC as a precondition to command opt_design

Starting DRC Task
INFO: [DRC 23-27] Running DRC with 8 threads
INFO: [Project 1-461] DRC finished with 0 Errors
INFO: [Project 1-462] Please refer to the DRC report (report_drc) for more information.

Time (s): cpu = 00:00:01 ; elapsed = 00:00:00.73 . Memory (MB): peak = 2747.602 ; gain = 16.008 ; free physical = 4812 ; free virtual = 11804

Starting Cache Timing Information Task
INFO: [Timing 38-35] Done setting XDC timing constraints.
INFO: [Timing 38-2] Deriving generated clocks
Ending Cache Timing Information Task | Checksum: 191296ad2

Time (s): cpu = 00:00:02 ; elapsed = 00:00:02 . Memory (MB): peak = 2763.445 ; gain = 15.844 ; free physical = 4528 ; free virtual = 11516

Starting Logic Optimization Task

Phase 1 Retarget
INFO: [Opt 31-1287] Pulled Inverter FT6206/I2C0/touch_i2c_sda_IOBUF_inst_i_2 into driver instance FT6206/I2C0/touch_i2c_sda_IOBUF_inst_i_4, which resulted in an inversion of 1 pins
INFO: [Opt 31-138] Pushed 2 inverter(s) to 8 load pin(s).
INFO: [Opt 31-49] Retargeted 0 cell(s).
Phase 1 Retarget | Checksum: 1c200b3db

Time (s): cpu = 00:00:00.14 ; elapsed = 00:00:00.04 . Memory (MB): peak = 2978.414 ; gain = 0.000 ; free physical = 4321 ; free virtual = 11310
INFO: [Opt 31-389] Phase Retarget created 2 cells and removed 6 cells
INFO: [Opt 31-1021] In phase Retarget, 1 netlist objects are constrained preventing optimization. Please run opt_design with -debug_log to get more detail. 

Phase 2 Constant propagation
INFO: [Opt 31-138] Pushed 0 inverter(s) to 0 load pin(s).
Phase 2 Constant propagation | Checksum: 1f15c3a10

Time (s): cpu = 00:00:00.17 ; elapsed = 00:00:00.05 . Memory (MB): peak = 2978.414 ; gain = 0.000 ; free physical = 4321 ; free virtual = 11310
INFO: [Opt 31-389] Phase Constant propagation created 0 cells and removed 0 cells

Phase 3 Sweep
Phase 3 Sweep | Checksum: 1ec4ce1cf

Time (s): cpu = 00:00:00.18 ; elapsed = 00:00:00.06 . Memory (MB): peak = 2978.414 ; gain = 0.000 ; free physical = 4320 ; free virtual = 11310
INFO: [Opt 31-389] Phase Sweep created 0 cells and removed 0 cells

Phase 4 BUFG optimization
Phase 4 BUFG optimization | Checksum: 1ec4ce1cf

Time (s): cpu = 00:00:00.2 ; elapsed = 00:00:00.07 . Memory (MB): peak = 3010.430 ; gain = 32.016 ; free physical = 4320 ; free virtual = 11310
INFO: [Opt 31-662] Phase BUFG optimization created 0 cells of which 0 are BUFGs and removed 0 cells.

Phase 5 Shift Register Optimization
INFO: [Opt 31-1064] SRL Remap converted 0 SRLs to 0 registers and converted 0 registers of register chains to 0 SRLs
Phase 5 Shift Register Optimization | Checksum: 1ec4ce1cf

Time (s): cpu = 00:00:00.2 ; elapsed = 00:00:00.07 . Memory (MB): peak = 3010.430 ; gain = 32.016 ; free physical = 4320 ; free virtual = 11310
INFO: [Opt 31-389] Phase Shift Register Optimization created 0 cells and removed 0 cells

Phase 6 Post Processing Netlist
Phase 6 Post Processing Netlist | Checksum: 1ec4ce1cf

Time (s): cpu = 00:00:00.2 ; elapsed = 00:00:00.08 . Memory (MB): peak = 3010.430 ; gain = 32.016 ; free physical = 4320 ; free virtual = 11310
INFO: [Opt 31-389] Phase Post Processing Netlist created 0 cells and removed 0 cells
Opt_design Change Summary
=========================


-------------------------------------------------------------------------------------------------------------------------
|  Phase                        |  #Cells created  |  #Cells Removed  |  #Constrained objects preventing optimizations  |
-------------------------------------------------------------------------------------------------------------------------
|  Retarget                     |               2  |               6  |                                              1  |
|  Constant propagation         |               0  |               0  |                                              0  |
|  Sweep                        |               0  |               0  |                                              0  |
|  BUFG optimization            |               0  |               0  |                                              0  |
|  Shift Register Optimization  |               0  |               0  |                                              0  |
|  Post Processing Netlist      |               0  |               0  |                                              0  |
-------------------------------------------------------------------------------------------------------------------------



Starting Connectivity Check Task

Time (s): cpu = 00:00:00.01 ; elapsed = 00:00:00 . Memory (MB): peak = 3010.430 ; gain = 0.000 ; free physical = 4320 ; free virtual = 11309
Ending Logic Optimization Task | Checksum: 14cb835d2

Time (s): cpu = 00:00:00.33 ; elapsed = 00:00:00.1 . Memory (MB): peak = 3010.430 ; gain = 32.016 ; free physical = 4320 ; free virtual = 11309

Starting Power Optimization Task
INFO: [Pwropt 34-132] Skipping clock gating for clocks with a period < 2.00 ns.
INFO: [Timing 38-35] Done setting XDC timing constraints.
Running Vector-less Activity Propagation...

Finished Running Vector-less Activity Propagation
INFO: [Pwropt 34-9] Applying IDT optimizations ...
INFO: [Pwropt 34-10] Applying ODC optimizations ...


Starting PowerOpt Patch Enables Task
INFO: [Pwropt 34-162] WRITE_MODE attribute of 0 BRAM(s) out of a total of 7 has been updated to save power. Run report_power_opt to get a complete listing of the BRAMs updated.
INFO: [Pwropt 34-201] Structural ODC has moved 0 WE to EN ports
Number of BRAM Ports augmented: 6 newly gated: 0 Total Ports: 14
Ending PowerOpt Patch Enables Task | Checksum: 1288cffec

Time (s): cpu = 00:00:00.03 ; elapsed = 00:00:00.03 . Memory (MB): peak = 3186.484 ; gain = 0.000 ; free physical = 4529 ; free virtual = 11518
Ending Power Optimization Task | Checksum: 1288cffec

Time (s): cpu = 00:00:00.85 ; elapsed = 00:00:00.6 . Memory (MB): peak = 3186.484 ; gain = 176.055 ; free physical = 4533 ; free virtual = 11523

Starting Final Cleanup Task

Starting Logic Optimization Task
INFO: [Timing 38-35] Done setting XDC timing constraints.
Ending Logic Optimization Task | Checksum: 14f24c23a

Time (s): cpu = 00:00:00.1 ; elapsed = 00:00:00.05 . Memory (MB): peak = 3186.484 ; gain = 0.000 ; free physical = 4325 ; free virtual = 11313
Ending Final Cleanup Task | Checksum: 14f24c23a

Time (s): cpu = 00:00:02 ; elapsed = 00:00:02 . Memory (MB): peak = 3186.484 ; gain = 0.000 ; free physical = 4522 ; free virtual = 11511

Starting Netlist Obfuscation Task
Netlist sorting complete. Time (s): cpu = 00:00:00 ; elapsed = 00:00:00 . Memory (MB): peak = 3186.484 ; gain = 0.000 ; free physical = 4522 ; free virtual = 11511
Ending Netlist Obfuscation Task | Checksum: 14f24c23a

Time (s): cpu = 00:00:00 ; elapsed = 00:00:00 . Memory (MB): peak = 3186.484 ; gain = 0.000 ; free physical = 4522 ; free virtual = 11511
INFO: [Common 17-83] Releasing license: Implementation
26 Infos, 0 Warnings, 0 Critical Warnings and 0 Errors encountered.
opt_design completed successfully
opt_design: Time (s): cpu = 00:00:08 ; elapsed = 00:00:07 . Memory (MB): peak = 3186.484 ; gain = 454.891 ; free physical = 4522 ; free virtual = 11511
# place_design
Command: place_design
Attempting to get a license for feature 'Implementation' and/or device 'xc7a35t'
INFO: [Common 17-349] Got license for feature 'Implementation' and/or device 'xc7a35t'
INFO: [Timing 38-35] Done setting XDC timing constraints.
INFO: [DRC 23-27] Running DRC with 8 threads
INFO: [Vivado_Tcl 4-198] DRC finished with 0 Errors
INFO: [Vivado_Tcl 4-199] Please refer to the DRC report (report_drc) for more information.
Running DRC as a precondition to command place_design
INFO: [DRC 23-27] Running DRC with 8 threads
INFO: [Vivado_Tcl 4-198] DRC finished with 0 Errors
INFO: [Vivado_Tcl 4-199] Please refer to the DRC report (report_drc) for more information.

Starting Placer Task
INFO: [Place 30-611] Multithreading enabled for place_design using a maximum of 8 CPUs

Phase 1 Placer Initialization

Phase 1.1 Placer Initialization Netlist Sorting
Netlist sorting complete. Time (s): cpu = 00:00:00 ; elapsed = 00:00:00 . Memory (MB): peak = 3186.484 ; gain = 0.000 ; free physical = 4485 ; free virtual = 11474
Phase 1.1 Placer Initialization Netlist Sorting | Checksum: 111aa24c3

Time (s): cpu = 00:00:00.01 ; elapsed = 00:00:00.02 . Memory (MB): peak = 3186.484 ; gain = 0.000 ; free physical = 4485 ; free virtual = 11474
Netlist sorting complete. Time (s): cpu = 00:00:00 ; elapsed = 00:00:00 . Memory (MB): peak = 3186.484 ; gain = 0.000 ; free physical = 4485 ; free virtual = 11474

Phase 1.2 IO Placement/ Clock Placement/ Build Placer Device
Phase 1.2 IO Placement/ Clock Placement/ Build Placer Device | Checksum: 12447d60e

Time (s): cpu = 00:00:00.62 ; elapsed = 00:00:00.22 . Memory (MB): peak = 3186.484 ; gain = 0.000 ; free physical = 4508 ; free virtual = 11498

Phase 1.3 Build Placer Netlist Model
Phase 1.3 Build Placer Netlist Model | Checksum: 13fb2fc17

Time (s): cpu = 00:00:01 ; elapsed = 00:00:00.37 . Memory (MB): peak = 3186.484 ; gain = 0.000 ; free physical = 4519 ; free virtual = 11509

Phase 1.4 Constrain Clocks/Macros
Phase 1.4 Constrain Clocks/Macros | Checksum: 13fb2fc17

Time (s): cpu = 00:00:01 ; elapsed = 00:00:00.37 . Memory (MB): peak = 3186.484 ; gain = 0.000 ; free physical = 4519 ; free virtual = 11509
Phase 1 Placer Initialization | Checksum: 13fb2fc17

Time (s): cpu = 00:00:01 ; elapsed = 00:00:00.38 . Memory (MB): peak = 3186.484 ; gain = 0.000 ; free physical = 4519 ; free virtual = 11509

Phase 2 Global Placement

Phase 2.1 Floorplanning
Phase 2.1 Floorplanning | Checksum: 215fa0a5e

Time (s): cpu = 00:00:02 ; elapsed = 00:00:00.47 . Memory (MB): peak = 3186.484 ; gain = 0.000 ; free physical = 4511 ; free virtual = 11500

Phase 2.2 Update Timing before SLR Path Opt
Phase 2.2 Update Timing before SLR Path Opt | Checksum: 143e5c454

Time (s): cpu = 00:00:02 ; elapsed = 00:00:00.51 . Memory (MB): peak = 3186.484 ; gain = 0.000 ; free physical = 4517 ; free virtual = 11507

Phase 2.3 Post-Processing in Floorplanning
Phase 2.3 Post-Processing in Floorplanning | Checksum: 143e5c454

Time (s): cpu = 00:00:02 ; elapsed = 00:00:00.51 . Memory (MB): peak = 3186.484 ; gain = 0.000 ; free physical = 4517 ; free virtual = 11507

Phase 2.4 Global Placement Core

Phase 2.4.1 Physical Synthesis In Placer
INFO: [Physopt 32-1035] Found 0 LUTNM shape to break, 33 LUT instances to create LUTNM shape
INFO: [Physopt 32-1044] Break lutnm for timing: one critical 0, two critical 0, total 0, new lutff created 0
INFO: [Physopt 32-1138] End 1 Pass. Optimized 13 nets or LUTs. Breaked 0 LUT, combined 13 existing LUTs and moved 0 existing LUT
INFO: [Physopt 32-65] No nets found for high-fanout optimization.
INFO: [Physopt 32-232] Optimized 0 net. Created 0 new instance.
INFO: [Physopt 32-775] End 1 Pass. Optimized 0 net or cell. Created 0 new cell, deleted 0 existing cell and moved 0 existing cell
INFO: [Physopt 32-670] No setup violation found.  DSP Register Optimization was not performed.
INFO: [Physopt 32-670] No setup violation found.  Shift Register to Pipeline Optimization was not performed.
INFO: [Physopt 32-670] No setup violation found.  Shift Register Optimization was not performed.
INFO: [Physopt 32-670] No setup violation found.  BRAM Register Optimization was not performed.
INFO: [Physopt 32-670] No setup violation found.  URAM Register Optimization was not performed.
INFO: [Physopt 32-949] No candidate nets found for dynamic/static region interface net replication
INFO: [Physopt 32-775] End 1 Pass. Optimized 0 net or cell. Created 0 new cell, deleted 0 existing cell and moved 0 existing cell
Netlist sorting complete. Time (s): cpu = 00:00:00 ; elapsed = 00:00:00 . Memory (MB): peak = 3186.484 ; gain = 0.000 ; free physical = 4476 ; free virtual = 11464

Summary of Physical Synthesis Optimizations
============================================


-----------------------------------------------------------------------------------------------------------------------------------------------------------
|  Optimization                                     |  Added Cells  |  Removed Cells  |  Optimized Cells/Nets  |  Dont Touch  |  Iterations  |  Elapsed   |
-----------------------------------------------------------------------------------------------------------------------------------------------------------
|  LUT Combining                                    |            0  |             13  |                    13  |           0  |           1  |  00:00:00  |
|  Retime                                           |            0  |              0  |                     0  |           0  |           1  |  00:00:00  |
|  Very High Fanout                                 |            0  |              0  |                     0  |           0  |           1  |  00:00:00  |
|  DSP Register                                     |            0  |              0  |                     0  |           0  |           0  |  00:00:00  |
|  Shift Register to Pipeline                       |            0  |              0  |                     0  |           0  |           0  |  00:00:00  |
|  Shift Register                                   |            0  |              0  |                     0  |           0  |           0  |  00:00:00  |
|  BRAM Register                                    |            0  |              0  |                     0  |           0  |           0  |  00:00:00  |
|  URAM Register                                    |            0  |              0  |                     0  |           0  |           0  |  00:00:00  |
|  Dynamic/Static Region Interface Net Replication  |            0  |              0  |                     0  |           0  |           1  |  00:00:00  |
|  Total                                            |            0  |             13  |                    13  |           0  |           4  |  00:00:00  |
-----------------------------------------------------------------------------------------------------------------------------------------------------------


Phase 2.4.1 Physical Synthesis In Placer | Checksum: 22f66f174

Time (s): cpu = 00:00:09 ; elapsed = 00:00:02 . Memory (MB): peak = 3186.484 ; gain = 0.000 ; free physical = 4476 ; free virtual = 11464
Phase 2.4 Global Placement Core | Checksum: 2632186bf

Time (s): cpu = 00:00:10 ; elapsed = 00:00:02 . Memory (MB): peak = 3186.484 ; gain = 0.000 ; free physical = 4439 ; free virtual = 11428
Phase 2 Global Placement | Checksum: 2632186bf

Time (s): cpu = 00:00:10 ; elapsed = 00:00:02 . Memory (MB): peak = 3186.484 ; gain = 0.000 ; free physical = 4439 ; free virtual = 11428

Phase 3 Detail Placement

Phase 3.1 Commit Multi Column Macros
Phase 3.1 Commit Multi Column Macros | Checksum: 1c84b2fcc

Time (s): cpu = 00:00:10 ; elapsed = 00:00:02 . Memory (MB): peak = 3186.484 ; gain = 0.000 ; free physical = 4449 ; free virtual = 11438

Phase 3.2 Commit Most Macros & LUTRAMs
Phase 3.2 Commit Most Macros & LUTRAMs | Checksum: 11f47ff31

Time (s): cpu = 00:00:10 ; elapsed = 00:00:02 . Memory (MB): peak = 3186.484 ; gain = 0.000 ; free physical = 4448 ; free virtual = 11437

Phase 3.3 Area Swap Optimization
Phase 3.3 Area Swap Optimization | Checksum: 1c0f6a02b

Time (s): cpu = 00:00:11 ; elapsed = 00:00:02 . Memory (MB): peak = 3186.484 ; gain = 0.000 ; free physical = 4440 ; free virtual = 11429

Phase 3.4 Pipeline Register Optimization
Phase 3.4 Pipeline Register Optimization | Checksum: 1b2fb52a8

Time (s): cpu = 00:00:11 ; elapsed = 00:00:02 . Memory (MB): peak = 3186.484 ; gain = 0.000 ; free physical = 4435 ; free virtual = 11425

Phase 3.5 Small Shape Detail Placement
Phase 3.5 Small Shape Detail Placement | Checksum: 1bf8f2f3c

Time (s): cpu = 00:00:11 ; elapsed = 00:00:03 . Memory (MB): peak = 3186.484 ; gain = 0.000 ; free physical = 4449 ; free virtual = 11437

Phase 3.6 Re-assign LUT pins
Phase 3.6 Re-assign LUT pins | Checksum: 263f2c75c

Time (s): cpu = 00:00:11 ; elapsed = 00:00:03 . Memory (MB): peak = 3186.484 ; gain = 0.000 ; free physical = 4449 ; free virtual = 11437

Phase 3.7 Pipeline Register Optimization
Phase 3.7 Pipeline Register Optimization | Checksum: 275f7f0df

Time (s): cpu = 00:00:11 ; elapsed = 00:00:03 . Memory (MB): peak = 3186.484 ; gain = 0.000 ; free physical = 4449 ; free virtual = 11437
Phase 3 Detail Placement | Checksum: 275f7f0df

Time (s): cpu = 00:00:11 ; elapsed = 00:00:03 . Memory (MB): peak = 3186.484 ; gain = 0.000 ; free physical = 4449 ; free virtual = 11437

Phase 4 Post Placement Optimization and Clean-Up

Phase 4.1 Post Commit Optimization
INFO: [Timing 38-35] Done setting XDC timing constraints.

Phase 4.1.1 Post Placement Optimization
Post Placement Optimization Initialization | Checksum: 2b2c0a216

Phase 4.1.1.1 BUFG Insertion

Starting Physical Synthesis Task

Phase 1 Physical Synthesis Initialization
INFO: [Physopt 32-721] Multithreading enabled for phys_opt_design using a maximum of 8 CPUs
INFO: [Physopt 32-619] Estimated Timing Summary | WNS=7.508 | TNS=0.000 |
Phase 1 Physical Synthesis Initialization | Checksum: 200d6d527

Time (s): cpu = 00:00:00.13 ; elapsed = 00:00:00.02 . Memory (MB): peak = 3186.484 ; gain = 0.000 ; free physical = 4448 ; free virtual = 11437
INFO: [Place 46-56] BUFG insertion identified 0 candidate nets. Inserted BUFG: 0, Replicated BUFG Driver: 0, Skipped due to Placement/Routing Conflicts: 0, Skipped due to Timing Degradation: 0, Skipped due to Illegal Netlist: 0.
Ending Physical Synthesis Task | Checksum: 22426fcdb

Time (s): cpu = 00:00:00.13 ; elapsed = 00:00:00.02 . Memory (MB): peak = 3186.484 ; gain = 0.000 ; free physical = 4448 ; free virtual = 11437
Phase 4.1.1.1 BUFG Insertion | Checksum: 2b2c0a216

Time (s): cpu = 00:00:12 ; elapsed = 00:00:03 . Memory (MB): peak = 3186.484 ; gain = 0.000 ; free physical = 4448 ; free virtual = 11437

Phase 4.1.1.2 Post Placement Timing Optimization
INFO: [Place 30-746] Post Placement Timing Summary WNS=7.508. For the most accurate timing information please run report_timing.
Phase 4.1.1.2 Post Placement Timing Optimization | Checksum: 2cb9cc01f

Time (s): cpu = 00:00:12 ; elapsed = 00:00:03 . Memory (MB): peak = 3186.484 ; gain = 0.000 ; free physical = 4448 ; free virtual = 11437

Time (s): cpu = 00:00:12 ; elapsed = 00:00:03 . Memory (MB): peak = 3186.484 ; gain = 0.000 ; free physical = 4448 ; free virtual = 11437
Phase 4.1 Post Commit Optimization | Checksum: 2cb9cc01f

Time (s): cpu = 00:00:12 ; elapsed = 00:00:03 . Memory (MB): peak = 3186.484 ; gain = 0.000 ; free physical = 4448 ; free virtual = 11437

Phase 4.2 Post Placement Cleanup
Phase 4.2 Post Placement Cleanup | Checksum: 2cb9cc01f

Time (s): cpu = 00:00:12 ; elapsed = 00:00:03 . Memory (MB): peak = 3186.484 ; gain = 0.000 ; free physical = 4449 ; free virtual = 11438

Phase 4.3 Placer Reporting

Phase 4.3.1 Print Estimated Congestion
INFO: [Place 30-612] Post-Placement Estimated Congestion 
 ____________________________________________________
|           | Global Congestion | Short Congestion  |
| Direction | Region Size       | Region Size       |
|___________|___________________|___________________|
|      North|                1x1|                1x1|
|___________|___________________|___________________|
|      South|                1x1|                1x1|
|___________|___________________|___________________|
|       East|                1x1|                1x1|
|___________|___________________|___________________|
|       West|                1x1|                1x1|
|___________|___________________|___________________|

Phase 4.3.1 Print Estimated Congestion | Checksum: 2cb9cc01f

Time (s): cpu = 00:00:12 ; elapsed = 00:00:03 . Memory (MB): peak = 3186.484 ; gain = 0.000 ; free physical = 4449 ; free virtual = 11438
Phase 4.3 Placer Reporting | Checksum: 2cb9cc01f

Time (s): cpu = 00:00:12 ; elapsed = 00:00:03 . Memory (MB): peak = 3186.484 ; gain = 0.000 ; free physical = 4449 ; free virtual = 11438

Phase 4.4 Final Placement Cleanup
Netlist sorting complete. Time (s): cpu = 00:00:00 ; elapsed = 00:00:00 . Memory (MB): peak = 3186.484 ; gain = 0.000 ; free physical = 4449 ; free virtual = 11438

Time (s): cpu = 00:00:12 ; elapsed = 00:00:03 . Memory (MB): peak = 3186.484 ; gain = 0.000 ; free physical = 4449 ; free virtual = 11438
Phase 4 Post Placement Optimization and Clean-Up | Checksum: 2a73ef61c

Time (s): cpu = 00:00:12 ; elapsed = 00:00:03 . Memory (MB): peak = 3186.484 ; gain = 0.000 ; free physical = 4449 ; free virtual = 11438
Ending Placer Task | Checksum: 1c24e9561

Time (s): cpu = 00:00:12 ; elapsed = 00:00:03 . Memory (MB): peak = 3186.484 ; gain = 0.000 ; free physical = 4449 ; free virtual = 11438
INFO: [Common 17-83] Releasing license: Implementation
29 Infos, 0 Warnings, 0 Critical Warnings and 0 Errors encountered.
place_design completed successfully
# write_checkpoint -force place.checkpoint
INFO: [Timing 38-480] Writing timing data to binary archive.
Writing XDEF routing.
Writing XDEF routing logical nets.
Writing XDEF routing special nets.
Write XDEF Complete: Time (s): cpu = 00:00:00.19 ; elapsed = 00:00:00.06 . Memory (MB): peak = 3186.484 ; gain = 0.000 ; free physical = 4458 ; free virtual = 11448
INFO: [Common 17-1381] The checkpoint '/home/lilo/Documents/Etch_a_sketch/place.checkpoint' has been generated.
# route_design
Command: route_design
Attempting to get a license for feature 'Implementation' and/or device 'xc7a35t'
INFO: [Common 17-349] Got license for feature 'Implementation' and/or device 'xc7a35t'
Running DRC as a precondition to command route_design
INFO: [DRC 23-27] Running DRC with 8 threads
INFO: [Vivado_Tcl 4-198] DRC finished with 0 Errors
INFO: [Vivado_Tcl 4-199] Please refer to the DRC report (report_drc) for more information.


Starting Routing Task
INFO: [Route 35-254] Multithreading enabled for route_design using a maximum of 8 CPUs

Phase 1 Build RT Design
Checksum: PlaceDB: ef646a66 ConstDB: 0 ShapeSum: d2ea2afb RouteDB: 0
Post Restoration Checksum: NetGraph: 2d4bf048 NumContArr: c8ab30c3 Constraints: 0 Timing: 0
Phase 1 Build RT Design | Checksum: f5f7210b

Time (s): cpu = 00:00:15 ; elapsed = 00:00:13 . Memory (MB): peak = 3186.484 ; gain = 0.000 ; free physical = 4340 ; free virtual = 11333

Phase 2 Router Initialization

Phase 2.1 Fix Topology Constraints
Phase 2.1 Fix Topology Constraints | Checksum: f5f7210b

Time (s): cpu = 00:00:15 ; elapsed = 00:00:13 . Memory (MB): peak = 3186.484 ; gain = 0.000 ; free physical = 4308 ; free virtual = 11301

Phase 2.2 Pre Route Cleanup
Phase 2.2 Pre Route Cleanup | Checksum: f5f7210b

Time (s): cpu = 00:00:15 ; elapsed = 00:00:13 . Memory (MB): peak = 3186.484 ; gain = 0.000 ; free physical = 4308 ; free virtual = 11301
 Number of Nodes with overlaps = 0

Phase 2.3 Update Timing
Phase 2.3 Update Timing | Checksum: 13a24be1c

Time (s): cpu = 00:00:15 ; elapsed = 00:00:13 . Memory (MB): peak = 3186.484 ; gain = 0.000 ; free physical = 4298 ; free virtual = 11291
INFO: [Route 35-416] Intermediate Timing Summary | WNS=7.551  | TNS=0.000  | WHS=-0.140 | THS=-10.521|


Router Utilization Summary
  Global Vertical Routing Utilization    = 0 %
  Global Horizontal Routing Utilization  = 0 %
  Routable Net Status*
  *Does not include unroutable nets such as driverless and loadless.
  Run report_route_status for detailed report.
  Number of Failed Nets               = 612
    (Failed Nets is the sum of unrouted and partially routed nets)
  Number of Unrouted Nets             = 611
  Number of Partially Routed Nets     = 1
  Number of Node Overlaps             = 0

Phase 2 Router Initialization | Checksum: 107546b99

Time (s): cpu = 00:00:16 ; elapsed = 00:00:13 . Memory (MB): peak = 3186.484 ; gain = 0.000 ; free physical = 4298 ; free virtual = 11290

Phase 3 Initial Routing

Phase 3.1 Global Routing
Phase 3.1 Global Routing | Checksum: 107546b99

Time (s): cpu = 00:00:16 ; elapsed = 00:00:13 . Memory (MB): peak = 3186.484 ; gain = 0.000 ; free physical = 4298 ; free virtual = 11290
Phase 3 Initial Routing | Checksum: 185a58ad0

Time (s): cpu = 00:00:16 ; elapsed = 00:00:14 . Memory (MB): peak = 3186.484 ; gain = 0.000 ; free physical = 4298 ; free virtual = 11290

Phase 4 Rip-up And Reroute

Phase 4.1 Global Iteration 0
 Number of Nodes with overlaps = 37
 Number of Nodes with overlaps = 0
INFO: [Route 35-416] Intermediate Timing Summary | WNS=7.365  | TNS=0.000  | WHS=N/A    | THS=N/A    |

Phase 4.1 Global Iteration 0 | Checksum: 20318162e

Time (s): cpu = 00:00:17 ; elapsed = 00:00:14 . Memory (MB): peak = 3186.484 ; gain = 0.000 ; free physical = 4297 ; free virtual = 11290

Phase 4.2 Global Iteration 1
 Number of Nodes with overlaps = 1
 Number of Nodes with overlaps = 0
INFO: [Route 35-416] Intermediate Timing Summary | WNS=7.365  | TNS=0.000  | WHS=N/A    | THS=N/A    |

Phase 4.2 Global Iteration 1 | Checksum: 22596fa9b

Time (s): cpu = 00:00:17 ; elapsed = 00:00:14 . Memory (MB): peak = 3186.484 ; gain = 0.000 ; free physical = 4297 ; free virtual = 11290
Phase 4 Rip-up And Reroute | Checksum: 22596fa9b

Time (s): cpu = 00:00:17 ; elapsed = 00:00:14 . Memory (MB): peak = 3186.484 ; gain = 0.000 ; free physical = 4297 ; free virtual = 11290

Phase 5 Delay and Skew Optimization

Phase 5.1 Delay CleanUp
Phase 5.1 Delay CleanUp | Checksum: 22596fa9b

Time (s): cpu = 00:00:17 ; elapsed = 00:00:14 . Memory (MB): peak = 3186.484 ; gain = 0.000 ; free physical = 4297 ; free virtual = 11290

Phase 5.2 Clock Skew Optimization
Phase 5.2 Clock Skew Optimization | Checksum: 22596fa9b

Time (s): cpu = 00:00:17 ; elapsed = 00:00:14 . Memory (MB): peak = 3186.484 ; gain = 0.000 ; free physical = 4297 ; free virtual = 11290
Phase 5 Delay and Skew Optimization | Checksum: 22596fa9b

Time (s): cpu = 00:00:17 ; elapsed = 00:00:14 . Memory (MB): peak = 3186.484 ; gain = 0.000 ; free physical = 4297 ; free virtual = 11290

Phase 6 Post Hold Fix

Phase 6.1 Hold Fix Iter

Phase 6.1.1 Update Timing
Phase 6.1.1 Update Timing | Checksum: 1d08fcbbe

Time (s): cpu = 00:00:17 ; elapsed = 00:00:14 . Memory (MB): peak = 3186.484 ; gain = 0.000 ; free physical = 4297 ; free virtual = 11291
INFO: [Route 35-416] Intermediate Timing Summary | WNS=7.444  | TNS=0.000  | WHS=0.107  | THS=0.000  |

Phase 6.1 Hold Fix Iter | Checksum: 199cb4c00

Time (s): cpu = 00:00:17 ; elapsed = 00:00:14 . Memory (MB): peak = 3186.484 ; gain = 0.000 ; free physical = 4297 ; free virtual = 11291
Phase 6 Post Hold Fix | Checksum: 199cb4c00

Time (s): cpu = 00:00:17 ; elapsed = 00:00:14 . Memory (MB): peak = 3186.484 ; gain = 0.000 ; free physical = 4297 ; free virtual = 11291

Phase 7 Route finalize

Router Utilization Summary
  Global Vertical Routing Utilization    = 0.146536 %
  Global Horizontal Routing Utilization  = 0.13925 %
  Routable Net Status*
  *Does not include unroutable nets such as driverless and loadless.
  Run report_route_status for detailed report.
  Number of Failed Nets               = 0
    (Failed Nets is the sum of unrouted and partially routed nets)
  Number of Unrouted Nets             = 0
  Number of Partially Routed Nets     = 0
  Number of Node Overlaps             = 0

Phase 7 Route finalize | Checksum: 1a939dff8

Time (s): cpu = 00:00:17 ; elapsed = 00:00:14 . Memory (MB): peak = 3186.484 ; gain = 0.000 ; free physical = 4298 ; free virtual = 11291

Phase 8 Verifying routed nets

 Verification completed successfully
Phase 8 Verifying routed nets | Checksum: 1a939dff8

Time (s): cpu = 00:00:17 ; elapsed = 00:00:14 . Memory (MB): peak = 3186.484 ; gain = 0.000 ; free physical = 4297 ; free virtual = 11290

Phase 9 Depositing Routes
Phase 9 Depositing Routes | Checksum: 1682e2bb7

Time (s): cpu = 00:00:17 ; elapsed = 00:00:14 . Memory (MB): peak = 3186.484 ; gain = 0.000 ; free physical = 4297 ; free virtual = 11290

Phase 10 Post Router Timing
INFO: [Route 35-57] Estimated Timing Summary | WNS=7.444  | TNS=0.000  | WHS=0.107  | THS=0.000  |

INFO: [Route 35-327] The final timing numbers are based on the router estimated timing analysis. For a complete and accurate timing signoff, please run report_timing_summary.
Phase 10 Post Router Timing | Checksum: 1682e2bb7

Time (s): cpu = 00:00:18 ; elapsed = 00:00:14 . Memory (MB): peak = 3186.484 ; gain = 0.000 ; free physical = 4296 ; free virtual = 11289
INFO: [Route 35-16] Router Completed Successfully

Time (s): cpu = 00:00:18 ; elapsed = 00:00:14 . Memory (MB): peak = 3186.484 ; gain = 0.000 ; free physical = 4330 ; free virtual = 11323

Routing Is Done.
INFO: [Common 17-83] Releasing license: Implementation
13 Infos, 0 Warnings, 0 Critical Warnings and 0 Errors encountered.
route_design completed successfully
route_design: Time (s): cpu = 00:00:19 ; elapsed = 00:00:15 . Memory (MB): peak = 3186.484 ; gain = 0.000 ; free physical = 4330 ; free virtual = 11323
# write_checkpoint -force route.checkpoint
INFO: [Timing 38-480] Writing timing data to binary archive.
Writing XDEF routing.
Writing XDEF routing logical nets.
Writing XDEF routing special nets.
Write XDEF Complete: Time (s): cpu = 00:00:00.25 ; elapsed = 00:00:00.08 . Memory (MB): peak = 3186.484 ; gain = 0.000 ; free physical = 4329 ; free virtual = 11323
INFO: [Common 17-1381] The checkpoint '/home/lilo/Documents/Etch_a_sketch/route.checkpoint' has been generated.
# report_timing_summary -file timing_summary.log
INFO: [Timing 38-91] UpdateTimingParams: Speed grade: -1, Delay Type: min_max.
INFO: [Timing 38-191] Multithreading enabled for timing update using a maximum of 8 CPUs
# report_timing -sort_by group -max_paths 100 -path_type summary -file timing.log -verbose
INFO: [Timing 38-91] UpdateTimingParams: Speed grade: -1, Delay Type: max.
INFO: [Timing 38-191] Multithreading enabled for timing update using a maximum of 8 CPUs
INFO: [Timing 38-78] ReportTimingParams: -max_paths 100 -nworst 1 -delay_type max -sort_by group.
# report_utilization -file usage.log -verbose
# report_drc -file drc.log -verbose
Command: report_drc -file drc.log -verbose
INFO: [IP_Flow 19-234] Refreshing IP repositories
INFO: [IP_Flow 19-1704] No user IP repositories specified
INFO: [IP_Flow 19-2313] Loaded Vivado IP repository '/home/lilo/xilinx/full_install/Vivado/2022.1/data/ip'.
INFO: [DRC 23-27] Running DRC with 8 threads
INFO: [Vivado_Tcl 2-168] The results of DRC are in file /home/lilo/Documents/Etch_a_sketch/drc.log.
report_drc completed successfully
# report_clocks -file clocks.log
# write_bitstream -force ./main.bit
Command: write_bitstream -force ./main.bit
Attempting to get a license for feature 'Implementation' and/or device 'xc7a35t'
INFO: [Common 17-349] Got license for feature 'Implementation' and/or device 'xc7a35t'
Running DRC as a precondition to command write_bitstream
INFO: [IP_Flow 19-1839] IP Catalog is up to date.
INFO: [DRC 23-27] Running DRC with 8 threads
WARNING: [DRC CFGBVS-1] Missing CFGBVS and CONFIG_VOLTAGE Design Properties: Neither the CFGBVS nor CONFIG_VOLTAGE voltage property is set in the current_design.  Configuration bank voltage select (CFGBVS) must be set to VCCO or GND, and CONFIG_VOLTAGE must be set to the correct configuration voltage, in order to determine the I/O voltage support for the pins in bank 0.  It is suggested to specify these either using the 'Edit Device Properties' function in the GUI or directly in the XDC file using the following syntax:

 set_property CFGBVS value1 [current_design]
 #where value1 is either VCCO or GND

 set_property CONFIG_VOLTAGE value2 [current_design]
 #where value2 is the voltage provided to configuration bank 0

Refer to the device configuration user guide for more information.
INFO: [Vivado 12-3199] DRC finished with 0 Errors, 1 Warnings
INFO: [Vivado 12-3200] Please refer to the DRC report (report_drc) for more information.
INFO: [Designutils 20-2272] Running write_bitstream with 8 threads.
Loading data files...
Loading site data...
Loading route data...
Processing options...
Creating bitmap...
Creating bitstream...
Writing bitstream ./main.bit...
INFO: [Vivado 12-1842] Bitgen Completed Successfully.
INFO: [Project 1-1876] WebTalk data collection is mandatory when using a ULT device. To see the specific WebTalk data collected for your design, open the usage_statistics_webtalk.html or usage_statistics_webtalk.xml file in the implementation directory.
INFO: [Common 17-83] Releasing license: Implementation
9 Infos, 1 Warnings, 0 Critical Warnings and 0 Errors encountered.
write_bitstream completed successfully
write_bitstream: Time (s): cpu = 00:00:09 ; elapsed = 00:00:10 . Memory (MB): peak = 3309.145 ; gain = 122.660 ; free physical = 4246 ; free virtual = 11247
INFO: [Common 17-206] Exiting Vivado at Sun Nov 13 16:32:17 2022...
